<!DOCTYPE html>

<html>
  <head>
  <meta charset='utf-8'>
  <title>TestNG reports</title>

    <link type="text/css" href="testng-reports1.css" rel="stylesheet" id="ultra" />
    <link type="text/css" href="testng-reports.css" rel="stylesheet" id="retro" disabled="false"/>
    <script type="text/javascript" src="jquery-3.6.0.min.js"></script>
    <script type="text/javascript" src="testng-reports.js"></script>
    <script type="text/javascript" src="https://www.google.com/jsapi"></script>
    <script type='text/javascript'>
      google.load('visualization', '1', {packages:['table']});
      google.setOnLoadCallback(drawTable);
      var suiteTableInitFunctions = new Array();
      var suiteTableData = new Array();
    </script>
    <!--
      <script type="text/javascript" src="jquery-ui/js/jquery-ui-1.8.16.custom.min.js"></script>
     -->
  </head>

  <body>    <div class="top-banner-root">
      <span class="top-banner-title-font">Test results</span>
      <button id="button" class="button">Switch Retro Theme</button> <!-- button -->
      <br/>
      <span class="top-banner-font-1">1 suite, 27 failed tests</span>
    </div> <!-- top-banner-root -->
    <div class="navigator-root">
      <div class="navigator-suite-header">
        <span>All suites</span>
        <a href="#" title="Collapse/expand all the suites" class="collapse-all-link">
          <img src="collapseall.gif" class="collapse-all-icon">
          </img> <!-- collapse-all-icon -->
        </a> <!-- collapse-all-link -->
      </div> <!-- navigator-suite-header -->
      <div class="suite">
        <div class="rounded-window">
          <div class="suite-header light-rounded-window-top">
            <a href="#" panel-name="suite-Default_suite" class="navigator-link">
              <span class="suite-name border-failed">Default suite</span>
            </a> <!-- navigator-link -->
          </div> <!-- suite-header light-rounded-window-top -->
          <div class="navigator-suite-content">
            <div class="suite-section-title">
              <span>Info</span>
            </div> <!-- suite-section-title -->
            <div class="suite-section-content">
              <ul>
                <li>
                  <a href="#" panel-name="test-xml-Default_suite" class="navigator-link ">
                    <span>C:\Users\uynph\AppData\Local\Temp\testng-eclipse--1842407795\testng-customsuite.xml</span>
                  </a> <!-- navigator-link  -->
                </li>
                <li>
                  <a href="#" panel-name="testlist-Default_suite" class="navigator-link ">
                    <span class="test-stats">1 test</span>
                  </a> <!-- navigator-link  -->
                </li>
                <li>
                  <a href="#" panel-name="group-Default_suite" class="navigator-link ">
                    <span>0 groups</span>
                  </a> <!-- navigator-link  -->
                </li>
                <li>
                  <a href="#" panel-name="times-Default_suite" class="navigator-link ">
                    <span>Times</span>
                  </a> <!-- navigator-link  -->
                </li>
                <li>
                  <a href="#" panel-name="reporter-Default_suite" class="navigator-link ">
                    <span>Reporter output</span>
                  </a> <!-- navigator-link  -->
                </li>
                <li>
                  <a href="#" panel-name="ignored-methods-Default_suite" class="navigator-link ">
                    <span>Ignored methods</span>
                  </a> <!-- navigator-link  -->
                </li>
                <li>
                  <a href="#" panel-name="chronological-Default_suite" class="navigator-link ">
                    <span>Chronological view</span>
                  </a> <!-- navigator-link  -->
                </li>
              </ul>
            </div> <!-- suite-section-content -->
            <div class="result-section">
              <div class="suite-section-title">
                <span>Results</span>
              </div> <!-- suite-section-title -->
              <div class="suite-section-content">
                <ul>
                  <li>
                    <span class="method-stats">63 methods, 27 failed,   36 passed</span>
                  </li>
                  <li>
                    <span class="method-list-title failed">Failed methods</span>
                    <span class="show-or-hide-methods failed">
                      <a href="#" panel-name="suite-Default_suite" class="hide-methods failed suite-Default_suite"> (hide)</a> <!-- hide-methods failed suite-Default_suite -->
                      <a href="#" panel-name="suite-Default_suite" class="show-methods failed suite-Default_suite"> (show)</a> <!-- show-methods failed suite-Default_suite -->
                    </span>
                    <div class="method-list-content failed suite-Default_suite">
                      <span>
                        <img src="failed.png" width="3%"/>
                        <a href="#" panel-name="suite-Default_suite" title="edusys.LoginTest" class="method navigator-link" hash-for-method="LoginTest">LoginTest</a> <!-- method navigator-link -->
                      </span>
                      <br/>
                      <span>
                        <img src="failed.png" width="3%"/>
                        <a href="#" panel-name="suite-Default_suite" title="edusys.LoginTest" class="method navigator-link" hash-for-method="btnDangNhapActionPerformedTest">btnDangNhapActionPerformedTest</a> <!-- method navigator-link -->
                      </span>
                      <br/>
                      <span>
                        <img src="failed.png" width="3%"/>
                        <a href="#" panel-name="suite-Default_suite" title="edusys.LoginTest" class="method navigator-link" hash-for-method="btnDangNhapKeyPressedTest">btnDangNhapKeyPressedTest</a> <!-- method navigator-link -->
                      </span>
                      <br/>
                      <span>
                        <img src="failed.png" width="3%"/>
                        <a href="#" panel-name="suite-Default_suite" title="edusys.LoginTest" class="method navigator-link" hash-for-method="btnExitActionPerformedTest">btnExitActionPerformedTest</a> <!-- method navigator-link -->
                      </span>
                      <br/>
                      <span>
                        <img src="failed.png" width="3%"/>
                        <a href="#" panel-name="suite-Default_suite" title="edusys.LoginTest" class="method navigator-link" hash-for-method="dangNhapTest">dangNhapTest</a> <!-- method navigator-link -->
                      </span>
                      <br/>
                      <span>
                        <img src="failed.png" width="3%"/>
                        <a href="#" panel-name="suite-Default_suite" title="edusys.LoginTest" class="method navigator-link" hash-for-method="initComponentsTest">initComponentsTest</a> <!-- method navigator-link -->
                      </span>
                      <br/>
                      <span>
                        <img src="failed.png" width="3%"/>
                        <a href="#" panel-name="suite-Default_suite" title="edusys.LoginTest" class="method navigator-link" hash-for-method="jLabel5MouseClickedTest">jLabel5MouseClickedTest</a> <!-- method navigator-link -->
                      </span>
                      <br/>
                      <span>
                        <img src="failed.png" width="3%"/>
                        <a href="#" panel-name="suite-Default_suite" title="edusys.LoginTest" class="method navigator-link" hash-for-method="ketThucTest">ketThucTest</a> <!-- method navigator-link -->
                      </span>
                      <br/>
                      <span>
                        <img src="failed.png" width="3%"/>
                        <a href="#" panel-name="suite-Default_suite" title="edusys.LoginTest" class="method navigator-link" hash-for-method="mainTest">mainTest</a> <!-- method navigator-link -->
                      </span>
                      <br/>
                      <span>
                        <img src="failed.png" width="3%"/>
                        <a href="#" panel-name="suite-Default_suite" title="testing.LoginTest" class="method navigator-link" hash-for-method="testDangNhapSai">testDangNhapSai</a> <!-- method navigator-link -->
                      </span>
                      <br/>
                      <span>
                        <img src="failed.png" width="3%"/>
                        <a href="#" panel-name="suite-Default_suite" title="testing.ChuyendeDAOTest" class="method navigator-link" hash-for-method="testDeleteHopLe">testDeleteHopLe</a> <!-- method navigator-link -->
                      </span>
                      <br/>
                      <span>
                        <img src="failed.png" width="3%"/>
                        <a href="#" panel-name="suite-Default_suite" title="testing.NguoihocDAOTest" class="method navigator-link" hash-for-method="testDeleteHopLe">testDeleteHopLe</a> <!-- method navigator-link -->
                      </span>
                      <br/>
                      <span>
                        <img src="failed.png" width="3%"/>
                        <a href="#" panel-name="suite-Default_suite" title="testing.NguoihocDAOTest" class="method navigator-link" hash-for-method="testDeleteNULL">testDeleteNULL</a> <!-- method navigator-link -->
                      </span>
                      <br/>
                      <span>
                        <img src="failed.png" width="3%"/>
                        <a href="#" panel-name="suite-Default_suite" title="testing.ChuyendeDAOTest" class="method navigator-link" hash-for-method="testDeleteNull">testDeleteNull</a> <!-- method navigator-link -->
                      </span>
                      <br/>
                      <span>
                        <img src="failed.png" width="3%"/>
                        <a href="#" panel-name="suite-Default_suite" title="testing.ChuyendeDAOTest" class="method navigator-link" hash-for-method="testInserHopLe(CD-003, ChuyenDe3, 800.0, 20, image3.jpg, Mo ta cho chuyen de 3)">testInserHopLe(CD-003, ChuyenDe3, 800.0, 20, image3.jpg, Mo ta cho chuyen de 3)</a> <!-- method navigator-link -->
                      </span>
                      <br/>
                      <span>
                        <img src="failed.png" width="3%"/>
                        <a href="#" panel-name="suite-Default_suite" title="testing.ChuyendeDAOTest" class="method navigator-link" hash-for-method="testInserHopLe(CD-002, ChuyenDe2, 1500.0, 25, image2.jpg, Mo ta cho chuyen de 2)">testInserHopLe(CD-002, ChuyenDe2, 1500.0, 25, image2.jpg, Mo ta cho chuyen de 2)</a> <!-- method navigator-link -->
                      </span>
                      <br/>
                      <span>
                        <img src="failed.png" width="3%"/>
                        <a href="#" panel-name="suite-Default_suite" title="testing.ChuyendeDAOTest" class="method navigator-link" hash-for-method="testInserHopLe(CD-001, ChuyenDe1, 1000.0, 30, image1.jpg, Mo ta cho chuyen de 1)">testInserHopLe(CD-001, ChuyenDe1, 1000.0, 30, image1.jpg, Mo ta cho chuyen de 1)</a> <!-- method navigator-link -->
                      </span>
                      <br/>
                      <span>
                        <img src="failed.png" width="3%"/>
                        <a href="#" panel-name="suite-Default_suite" title="testing.QLNHTest" class="method navigator-link" hash-for-method="testInsert">testInsert</a> <!-- method navigator-link -->
                      </span>
                      <br/>
                      <span>
                        <img src="failed.png" width="3%"/>
                        <a href="#" panel-name="suite-Default_suite" title="testing.NguoihocDAOTest" class="method navigator-link" hash-for-method="testInsertHopLe(nh-01, UyenPhuong, 09/08/2002, true, 0328645096, uynphng765@gmail.com, hehe, TeoNV, 08/07/2023)">testInsertHopLe(nh-01, UyenPhuong, 09/08/2002, true, 0328645096, uynphng765@gmail.com, hehe, TeoNV, 08/07/2023)</a> <!-- method navigator-link -->
                      </span>
                      <br/>
                      <span>
                        <img src="failed.png" width="3%"/>
                        <a href="#" panel-name="suite-Default_suite" title="testing.NguoihocDAOTest" class="method navigator-link" hash-for-method="testInsertHopLe(nh-02, UyenPhuong, 09/08/2002, false, 0328645096, uynphng765@gmail.com, hehe, uyenphuong, 08/07/2023)">testInsertHopLe(nh-02, UyenPhuong, 09/08/2002, false, 0328645096, uynphng765@gmail.com, hehe, uyenphuong, 08/07/2023)</a> <!-- method navigator-link -->
                      </span>
                      <br/>
                      <span>
                        <img src="failed.png" width="3%"/>
                        <a href="#" panel-name="suite-Default_suite" title="testing.QLNHTest" class="method navigator-link" hash-for-method="testInsertNull">testInsertNull</a> <!-- method navigator-link -->
                      </span>
                      <br/>
                      <span>
                        <img src="failed.png" width="3%"/>
                        <a href="#" panel-name="suite-Default_suite" title="testing.QLNHTest" class="method navigator-link" hash-for-method="testInsertTrungMNH">testInsertTrungMNH</a> <!-- method navigator-link -->
                      </span>
                      <br/>
                      <span>
                        <img src="failed.png" width="3%"/>
                        <a href="#" panel-name="suite-Default_suite" title="testing.ChuyendeDAOTest" class="method navigator-link" hash-for-method="testSelectById">testSelectById</a> <!-- method navigator-link -->
                      </span>
                      <br/>
                      <span>
                        <img src="failed.png" width="3%"/>
                        <a href="#" panel-name="suite-Default_suite" title="testing.QLNHTest" class="method navigator-link" hash-for-method="testUpdate">testUpdate</a> <!-- method navigator-link -->
                      </span>
                      <br/>
                      <span>
                        <img src="failed.png" width="3%"/>
                        <a href="#" panel-name="suite-Default_suite" title="testing.NguoihocDAOTest" class="method navigator-link" hash-for-method="testUpdateNULL(, , , false, , , , , )">testUpdateNULL(, , , false, , , , , )</a> <!-- method navigator-link -->
                      </span>
                      <br/>
                      <span>
                        <img src="failed.png" width="3%"/>
                        <a href="#" panel-name="suite-Default_suite" title="testing.QLNHTest" class="method navigator-link" hash-for-method="testUpdateNull">testUpdateNull</a> <!-- method navigator-link -->
                      </span>
                      <br/>
                      <span>
                        <img src="failed.png" width="3%"/>
                        <a href="#" panel-name="suite-Default_suite" title="edusys.LoginTest" class="method navigator-link" hash-for-method="txtMaNVActionPerformedTest">txtMaNVActionPerformedTest</a> <!-- method navigator-link -->
                      </span>
                      <br/>
                    </div> <!-- method-list-content failed suite-Default_suite -->
                  </li>
                  <li>
                    <span class="method-list-title passed">Passed methods</span>
                    <span class="show-or-hide-methods passed">
                      <a href="#" panel-name="suite-Default_suite" class="hide-methods passed suite-Default_suite"> (hide)</a> <!-- hide-methods passed suite-Default_suite -->
                      <a href="#" panel-name="suite-Default_suite" class="show-methods passed suite-Default_suite"> (show)</a> <!-- show-methods passed suite-Default_suite -->
                    </span>
                    <div class="method-list-content passed suite-Default_suite">
                      <span>
                        <img src="passed.png" width="3%"/>
                        <a href="#" panel-name="suite-Default_suite" title="testing.LoginTest" class="method navigator-link" hash-for-method="testDangNhapHopLe">testDangNhapHopLe</a> <!-- method navigator-link -->
                      </span>
                      <br/>
                      <span>
                        <img src="passed.png" width="3%"/>
                        <a href="#" panel-name="suite-Default_suite" title="testing.LoginTest" class="method navigator-link" hash-for-method="testDangNhapNULL">testDangNhapNULL</a> <!-- method navigator-link -->
                      </span>
                      <br/>
                      <span>
                        <img src="passed.png" width="3%"/>
                        <a href="#" panel-name="suite-Default_suite" title="testing.QLNHTest" class="method navigator-link" hash-for-method="testDelete">testDelete</a> <!-- method navigator-link -->
                      </span>
                      <br/>
                      <span>
                        <img src="passed.png" width="3%"/>
                        <a href="#" panel-name="suite-Default_suite" title="testing.QLNVTest" class="method navigator-link" hash-for-method="testDelete">testDelete</a> <!-- method navigator-link -->
                      </span>
                      <br/>
                      <span>
                        <img src="passed.png" width="3%"/>
                        <a href="#" panel-name="suite-Default_suite" title="testing.NhanVienDAOTest" class="method navigator-link" hash-for-method="testDeleteHopLe">testDeleteHopLe</a> <!-- method navigator-link -->
                      </span>
                      <br/>
                      <span>
                        <img src="passed.png" width="3%"/>
                        <a href="#" panel-name="suite-Default_suite" title="testing.QLNVTest" class="method navigator-link" hash-for-method="testDeleteLogin">testDeleteLogin</a> <!-- method navigator-link -->
                      </span>
                      <br/>
                      <span>
                        <img src="passed.png" width="3%"/>
                        <a href="#" panel-name="suite-Default_suite" title="testing.QLNHTest" class="method navigator-link" hash-for-method="testDeleteLoi">testDeleteLoi</a> <!-- method navigator-link -->
                      </span>
                      <br/>
                      <span>
                        <img src="passed.png" width="3%"/>
                        <a href="#" panel-name="suite-Default_suite" title="testing.QLNVTest" class="method navigator-link" hash-for-method="testDeleteMNVKOTT">testDeleteMNVKOTT</a> <!-- method navigator-link -->
                      </span>
                      <br/>
                      <span>
                        <img src="passed.png" width="3%"/>
                        <a href="#" panel-name="suite-Default_suite" title="testing.QLNVTest" class="method navigator-link" hash-for-method="testDeleteNull">testDeleteNull</a> <!-- method navigator-link -->
                      </span>
                      <br/>
                      <span>
                        <img src="passed.png" width="3%"/>
                        <a href="#" panel-name="suite-Default_suite" title="testing.NhanVienDAOTest" class="method navigator-link" hash-for-method="testDeleteNull">testDeleteNull</a> <!-- method navigator-link -->
                      </span>
                      <br/>
                      <span>
                        <img src="passed.png" width="3%"/>
                        <a href="#" panel-name="suite-Default_suite" title="testing.DoiMKTest" class="method navigator-link" hash-for-method="testDoiMatKhauHopLe">testDoiMatKhauHopLe</a> <!-- method navigator-link -->
                      </span>
                      <br/>
                      <span>
                        <img src="passed.png" width="3%"/>
                        <a href="#" panel-name="suite-Default_suite" title="testing.DoiMKTest" class="method navigator-link" hash-for-method="testDoiMatKhauKhongKhop">testDoiMatKhauKhongKhop</a> <!-- method navigator-link -->
                      </span>
                      <br/>
                      <span>
                        <img src="passed.png" width="3%"/>
                        <a href="#" panel-name="suite-Default_suite" title="testing.DoiMKTest" class="method navigator-link" hash-for-method="testDoiMatKhauSaiMK">testDoiMatKhauSaiMK</a> <!-- method navigator-link -->
                      </span>
                      <br/>
                      <span>
                        <img src="passed.png" width="3%"/>
                        <a href="#" panel-name="suite-Default_suite" title="testing.QLNHTest" class="method navigator-link" hash-for-method="testFinding">testFinding</a> <!-- method navigator-link -->
                      </span>
                      <br/>
                      <span>
                        <img src="passed.png" width="3%"/>
                        <a href="#" panel-name="suite-Default_suite" title="testing.QLNHTest" class="method navigator-link" hash-for-method="testFindingKhongtontai">testFindingKhongtontai</a> <!-- method navigator-link -->
                      </span>
                      <br/>
                      <span>
                        <img src="passed.png" width="3%"/>
                        <a href="#" panel-name="suite-Default_suite" title="testing.QLNHTest" class="method navigator-link" hash-for-method="testFindingNull">testFindingNull</a> <!-- method navigator-link -->
                      </span>
                      <br/>
                      <span>
                        <img src="passed.png" width="3%"/>
                        <a href="#" panel-name="suite-Default_suite" title="testing.QLNVTest" class="method navigator-link" hash-for-method="testInsert">testInsert</a> <!-- method navigator-link -->
                      </span>
                      <br/>
                      <span>
                        <img src="passed.png" width="3%"/>
                        <a href="#" panel-name="suite-Default_suite" title="testing.NhanVienDAOTest" class="method navigator-link" hash-for-method="testInsertHopLe">testInsertHopLe</a> <!-- method navigator-link -->
                      </span>
                      <br/>
                      <span>
                        <img src="passed.png" width="3%"/>
                        <a href="#" panel-name="suite-Default_suite" title="testing.NguoihocDAOTest" class="method navigator-link" hash-for-method="testInsertNULL(, , , false, , , , , )">testInsertNULL(, , , false, , , , , )</a> <!-- method navigator-link -->
                      </span>
                      <br/>
                      <span>
                        <img src="passed.png" width="3%"/>
                        <a href="#" panel-name="suite-Default_suite" title="testing.QLNVTest" class="method navigator-link" hash-for-method="testInsertNULL">testInsertNULL</a> <!-- method navigator-link -->
                      </span>
                      <br/>
                      <span>
                        <img src="passed.png" width="3%"/>
                        <a href="#" panel-name="suite-Default_suite" title="testing.ChuyendeDAOTest" class="method navigator-link" hash-for-method="testInsertNULL(, , 0.0, 0, , )">testInsertNULL(, , 0.0, 0, , )</a> <!-- method navigator-link -->
                      </span>
                      <br/>
                      <span>
                        <img src="passed.png" width="3%"/>
                        <a href="#" panel-name="suite-Default_suite" title="testing.NhanVienDAOTest" class="method navigator-link" hash-for-method="testInsertNull">testInsertNull</a> <!-- method navigator-link -->
                      </span>
                      <br/>
                      <span>
                        <img src="passed.png" width="3%"/>
                        <a href="#" panel-name="suite-Default_suite" title="testing.QLNVTest" class="method navigator-link" hash-for-method="testInsertTrungMNV">testInsertTrungMNV</a> <!-- method navigator-link -->
                      </span>
                      <br/>
                      <span>
                        <img src="passed.png" width="3%"/>
                        <a href="#" panel-name="suite-Default_suite" title="testing.ChuyendeDAOTest" class="method navigator-link" hash-for-method="testSelectAll">testSelectAll</a> <!-- method navigator-link -->
                      </span>
                      <br/>
                      <span>
                        <img src="passed.png" width="3%"/>
                        <a href="#" panel-name="suite-Default_suite" title="testing.ChuyendeDAOTest" class="method navigator-link" hash-for-method="testSelectByIdNotFound">testSelectByIdNotFound</a> <!-- method navigator-link -->
                      </span>
                      <br/>
                      <span>
                        <img src="passed.png" width="3%"/>
                        <a href="#" panel-name="suite-Default_suite" title="testing.QLNVTest" class="method navigator-link" hash-for-method="testUpdate">testUpdate</a> <!-- method navigator-link -->
                      </span>
                      <br/>
                      <span>
                        <img src="passed.png" width="3%"/>
                        <a href="#" panel-name="suite-Default_suite" title="testing.ChuyendeDAOTest" class="method navigator-link" hash-for-method="testUpdateHopLe(CD-003, ChuyenDe3, 800.0, 20, image3.jpg, Mo ta cho chuyen de 3)">testUpdateHopLe(CD-003, ChuyenDe3, 800.0, 20, image3.jpg, Mo ta cho chuyen de 3)</a> <!-- method navigator-link -->
                      </span>
                      <br/>
                      <span>
                        <img src="passed.png" width="3%"/>
                        <a href="#" panel-name="suite-Default_suite" title="testing.ChuyendeDAOTest" class="method navigator-link" hash-for-method="testUpdateHopLe(CD-002, ChuyenDe2, 1500.0, 25, image2.jpg, Mo ta cho chuyen de 2)">testUpdateHopLe(CD-002, ChuyenDe2, 1500.0, 25, image2.jpg, Mo ta cho chuyen de 2)</a> <!-- method navigator-link -->
                      </span>
                      <br/>
                      <span>
                        <img src="passed.png" width="3%"/>
                        <a href="#" panel-name="suite-Default_suite" title="testing.NhanVienDAOTest" class="method navigator-link" hash-for-method="testUpdateHopLe">testUpdateHopLe</a> <!-- method navigator-link -->
                      </span>
                      <br/>
                      <span>
                        <img src="passed.png" width="3%"/>
                        <a href="#" panel-name="suite-Default_suite" title="testing.NguoihocDAOTest" class="method navigator-link" hash-for-method="testUpdateHopLe(nh-02, UyenPhuong, 09/08/2002, false, 0328645096, uynphng765@gmail.com, hehe, uyenphuong, 08/07/2023)">testUpdateHopLe(nh-02, UyenPhuong, 09/08/2002, false, 0328645096, uynphng765@gmail.com, hehe, uyenphuong, 08/07/2023)</a> <!-- method navigator-link -->
                      </span>
                      <br/>
                      <span>
                        <img src="passed.png" width="3%"/>
                        <a href="#" panel-name="suite-Default_suite" title="testing.NguoihocDAOTest" class="method navigator-link" hash-for-method="testUpdateHopLe(nh-01, UyenPhuong, 09/08/2002, true, 0328645096, uynphng765@gmail.com, hehe, TeoNV, 08/07/2023)">testUpdateHopLe(nh-01, UyenPhuong, 09/08/2002, true, 0328645096, uynphng765@gmail.com, hehe, TeoNV, 08/07/2023)</a> <!-- method navigator-link -->
                      </span>
                      <br/>
                      <span>
                        <img src="passed.png" width="3%"/>
                        <a href="#" panel-name="suite-Default_suite" title="testing.ChuyendeDAOTest" class="method navigator-link" hash-for-method="testUpdateHopLe(CD-001, ChuyenDe1, 1000.0, 30, image1.jpg, Mo ta cho chuyen de 1)">testUpdateHopLe(CD-001, ChuyenDe1, 1000.0, 30, image1.jpg, Mo ta cho chuyen de 1)</a> <!-- method navigator-link -->
                      </span>
                      <br/>
                      <span>
                        <img src="passed.png" width="3%"/>
                        <a href="#" panel-name="suite-Default_suite" title="testing.QLNVTest" class="method navigator-link" hash-for-method="testUpdateMNVKOTT">testUpdateMNVKOTT</a> <!-- method navigator-link -->
                      </span>
                      <br/>
                      <span>
                        <img src="passed.png" width="3%"/>
                        <a href="#" panel-name="suite-Default_suite" title="testing.QLNVTest" class="method navigator-link" hash-for-method="testUpdateNULL">testUpdateNULL</a> <!-- method navigator-link -->
                      </span>
                      <br/>
                      <span>
                        <img src="passed.png" width="3%"/>
                        <a href="#" panel-name="suite-Default_suite" title="testing.NhanVienDAOTest" class="method navigator-link" hash-for-method="testUpdateNull">testUpdateNull</a> <!-- method navigator-link -->
                      </span>
                      <br/>
                      <span>
                        <img src="passed.png" width="3%"/>
                        <a href="#" panel-name="suite-Default_suite" title="testing.ChuyendeDAOTest" class="method navigator-link" hash-for-method="testUpdateNull(, , 0.0, 0, , )">testUpdateNull(, , 0.0, 0, , )</a> <!-- method navigator-link -->
                      </span>
                      <br/>
                    </div> <!-- method-list-content passed suite-Default_suite -->
                  </li>
                </ul>
              </div> <!-- suite-section-content -->
            </div> <!-- result-section -->
          </div> <!-- navigator-suite-content -->
        </div> <!-- rounded-window -->
      </div> <!-- suite -->
    </div> <!-- navigator-root -->
    <div class="wrapper">
      <div class="main-panel-root">
        <div panel-name="suite-Default_suite" class="panel Default_suite">
          <div class="suite-Default_suite-class-failed">
            <div class="main-panel-header rounded-window-top">
              <img src="failed.png"/>
              <span class="class-name">testing.LoginTest</span>
            </div> <!-- main-panel-header rounded-window-top -->
            <div class="main-panel-content rounded-window-bottom">
              <div class="method">
                <div class="method-content">
                  <a name="testDangNhapSai">
                  </a> <!-- testDangNhapSai -->
                  <span class="method-name">testDangNhapSai</span>
                  <div class="stack-trace">java.lang.NullPointerException: Cannot invoke &quot;Models.Nhanvien.getMatKhau()&quot; because &quot;nv&quot; is null
	at edusys.Login.dangNhap(Login.java:210)
	at testing.LoginTest.testDangNhapSai(LoginTest.java:37)
	at java.base/jdk.internal.reflect.DirectMethodHandleAccessor.invoke(DirectMethodHandleAccessor.java:104)
	at java.base/java.lang.reflect.Method.invoke(Method.java:578)
	at org.testng.internal.invokers.MethodInvocationHelper.invokeMethod(MethodInvocationHelper.java:139)
	at org.testng.internal.invokers.TestInvoker.invokeMethod(TestInvoker.java:664)
	at org.testng.internal.invokers.TestInvoker.invokeTestMethod(TestInvoker.java:227)
	at org.testng.internal.invokers.MethodRunner.runInSequence(MethodRunner.java:50)
	at org.testng.internal.invokers.TestInvoker$MethodInvocationAgent.invoke(TestInvoker.java:957)
	at org.testng.internal.invokers.TestInvoker.invokeTestMethods(TestInvoker.java:200)
	at org.testng.internal.invokers.TestMethodWorker.invokeTestMethods(TestMethodWorker.java:148)
	at org.testng.internal.invokers.TestMethodWorker.run(TestMethodWorker.java:128)
	at java.base/java.util.ArrayList.forEach(ArrayList.java:1511)
	at org.testng.TestRunner.privateRun(TestRunner.java:848)
	at org.testng.TestRunner.run(TestRunner.java:621)
	at org.testng.SuiteRunner.runTest(SuiteRunner.java:443)
	at org.testng.SuiteRunner.runSequentially(SuiteRunner.java:437)
	at org.testng.SuiteRunner.privateRun(SuiteRunner.java:397)
	at org.testng.SuiteRunner.run(SuiteRunner.java:336)
	at org.testng.SuiteRunnerWorker.runSuite(SuiteRunnerWorker.java:52)
	at org.testng.SuiteRunnerWorker.run(SuiteRunnerWorker.java:95)
	at org.testng.TestNG.runSuitesSequentially(TestNG.java:1280)
	at org.testng.TestNG.runSuitesLocally(TestNG.java:1200)
	at org.testng.TestNG.runSuites(TestNG.java:1114)
	at org.testng.TestNG.run(TestNG.java:1082)
	at org.testng.remote.AbstractRemoteTestNG.run(AbstractRemoteTestNG.java:115)
	at org.testng.remote.RemoteTestNG.initAndRun(RemoteTestNG.java:251)
	at org.testng.remote.RemoteTestNG.main(RemoteTestNG.java:77)

</div> <!-- stack-trace -->
                </div> <!-- method-content -->
              </div> <!-- method -->
            </div> <!-- main-panel-content rounded-window-bottom -->
          </div> <!-- suite-Default_suite-class-failed -->
          <div class="suite-Default_suite-class-failed">
            <div class="main-panel-header rounded-window-top">
              <img src="failed.png"/>
              <span class="class-name">edusys.LoginTest</span>
            </div> <!-- main-panel-header rounded-window-top -->
            <div class="main-panel-content rounded-window-bottom">
              <div class="method">
                <div class="method-content">
                  <a name="LoginTest">
                  </a> <!-- LoginTest -->
                  <span class="method-name">LoginTest</span>
                  <div class="stack-trace">java.lang.RuntimeException: Test not implemented
	at edusys.LoginTest.LoginTest(LoginTest.java:44)
	at java.base/jdk.internal.reflect.DirectMethodHandleAccessor.invoke(DirectMethodHandleAccessor.java:104)
	at java.base/java.lang.reflect.Method.invoke(Method.java:578)
	at org.testng.internal.invokers.MethodInvocationHelper.invokeMethod(MethodInvocationHelper.java:139)
	at org.testng.internal.invokers.TestInvoker.invokeMethod(TestInvoker.java:664)
	at org.testng.internal.invokers.TestInvoker.invokeTestMethod(TestInvoker.java:227)
	at org.testng.internal.invokers.MethodRunner.runInSequence(MethodRunner.java:50)
	at org.testng.internal.invokers.TestInvoker$MethodInvocationAgent.invoke(TestInvoker.java:957)
	at org.testng.internal.invokers.TestInvoker.invokeTestMethods(TestInvoker.java:200)
	at org.testng.internal.invokers.TestMethodWorker.invokeTestMethods(TestMethodWorker.java:148)
	at org.testng.internal.invokers.TestMethodWorker.run(TestMethodWorker.java:128)
	at java.base/java.util.ArrayList.forEach(ArrayList.java:1511)
	at org.testng.TestRunner.privateRun(TestRunner.java:848)
	at org.testng.TestRunner.run(TestRunner.java:621)
	at org.testng.SuiteRunner.runTest(SuiteRunner.java:443)
	at org.testng.SuiteRunner.runSequentially(SuiteRunner.java:437)
	at org.testng.SuiteRunner.privateRun(SuiteRunner.java:397)
	at org.testng.SuiteRunner.run(SuiteRunner.java:336)
	at org.testng.SuiteRunnerWorker.runSuite(SuiteRunnerWorker.java:52)
	at org.testng.SuiteRunnerWorker.run(SuiteRunnerWorker.java:95)
	at org.testng.TestNG.runSuitesSequentially(TestNG.java:1280)
	at org.testng.TestNG.runSuitesLocally(TestNG.java:1200)
	at org.testng.TestNG.runSuites(TestNG.java:1114)
	at org.testng.TestNG.run(TestNG.java:1082)
	at org.testng.remote.AbstractRemoteTestNG.run(AbstractRemoteTestNG.java:115)
	at org.testng.remote.RemoteTestNG.initAndRun(RemoteTestNG.java:251)
	at org.testng.remote.RemoteTestNG.main(RemoteTestNG.java:77)

</div> <!-- stack-trace -->
                </div> <!-- method-content -->
              </div> <!-- method -->
              <div class="method">
                <div class="method-content">
                  <a name="btnDangNhapActionPerformedTest">
                  </a> <!-- btnDangNhapActionPerformedTest -->
                  <span class="method-name">btnDangNhapActionPerformedTest</span>
                  <div class="stack-trace">java.lang.RuntimeException: Test not implemented
	at edusys.LoginTest.btnDangNhapActionPerformedTest(LoginTest.java:49)
	at java.base/jdk.internal.reflect.DirectMethodHandleAccessor.invoke(DirectMethodHandleAccessor.java:104)
	at java.base/java.lang.reflect.Method.invoke(Method.java:578)
	at org.testng.internal.invokers.MethodInvocationHelper.invokeMethod(MethodInvocationHelper.java:139)
	at org.testng.internal.invokers.TestInvoker.invokeMethod(TestInvoker.java:664)
	at org.testng.internal.invokers.TestInvoker.invokeTestMethod(TestInvoker.java:227)
	at org.testng.internal.invokers.MethodRunner.runInSequence(MethodRunner.java:50)
	at org.testng.internal.invokers.TestInvoker$MethodInvocationAgent.invoke(TestInvoker.java:957)
	at org.testng.internal.invokers.TestInvoker.invokeTestMethods(TestInvoker.java:200)
	at org.testng.internal.invokers.TestMethodWorker.invokeTestMethods(TestMethodWorker.java:148)
	at org.testng.internal.invokers.TestMethodWorker.run(TestMethodWorker.java:128)
	at java.base/java.util.ArrayList.forEach(ArrayList.java:1511)
	at org.testng.TestRunner.privateRun(TestRunner.java:848)
	at org.testng.TestRunner.run(TestRunner.java:621)
	at org.testng.SuiteRunner.runTest(SuiteRunner.java:443)
	at org.testng.SuiteRunner.runSequentially(SuiteRunner.java:437)
	at org.testng.SuiteRunner.privateRun(SuiteRunner.java:397)
	at org.testng.SuiteRunner.run(SuiteRunner.java:336)
	at org.testng.SuiteRunnerWorker.runSuite(SuiteRunnerWorker.java:52)
	at org.testng.SuiteRunnerWorker.run(SuiteRunnerWorker.java:95)
	at org.testng.TestNG.runSuitesSequentially(TestNG.java:1280)
	at org.testng.TestNG.runSuitesLocally(TestNG.java:1200)
	at org.testng.TestNG.runSuites(TestNG.java:1114)
	at org.testng.TestNG.run(TestNG.java:1082)
	at org.testng.remote.AbstractRemoteTestNG.run(AbstractRemoteTestNG.java:115)
	at org.testng.remote.RemoteTestNG.initAndRun(RemoteTestNG.java:251)
	at org.testng.remote.RemoteTestNG.main(RemoteTestNG.java:77)

</div> <!-- stack-trace -->
                </div> <!-- method-content -->
              </div> <!-- method -->
              <div class="method">
                <div class="method-content">
                  <a name="btnDangNhapKeyPressedTest">
                  </a> <!-- btnDangNhapKeyPressedTest -->
                  <span class="method-name">btnDangNhapKeyPressedTest</span>
                  <div class="stack-trace">java.lang.RuntimeException: Test not implemented
	at edusys.LoginTest.btnDangNhapKeyPressedTest(LoginTest.java:54)
	at java.base/jdk.internal.reflect.DirectMethodHandleAccessor.invoke(DirectMethodHandleAccessor.java:104)
	at java.base/java.lang.reflect.Method.invoke(Method.java:578)
	at org.testng.internal.invokers.MethodInvocationHelper.invokeMethod(MethodInvocationHelper.java:139)
	at org.testng.internal.invokers.TestInvoker.invokeMethod(TestInvoker.java:664)
	at org.testng.internal.invokers.TestInvoker.invokeTestMethod(TestInvoker.java:227)
	at org.testng.internal.invokers.MethodRunner.runInSequence(MethodRunner.java:50)
	at org.testng.internal.invokers.TestInvoker$MethodInvocationAgent.invoke(TestInvoker.java:957)
	at org.testng.internal.invokers.TestInvoker.invokeTestMethods(TestInvoker.java:200)
	at org.testng.internal.invokers.TestMethodWorker.invokeTestMethods(TestMethodWorker.java:148)
	at org.testng.internal.invokers.TestMethodWorker.run(TestMethodWorker.java:128)
	at java.base/java.util.ArrayList.forEach(ArrayList.java:1511)
	at org.testng.TestRunner.privateRun(TestRunner.java:848)
	at org.testng.TestRunner.run(TestRunner.java:621)
	at org.testng.SuiteRunner.runTest(SuiteRunner.java:443)
	at org.testng.SuiteRunner.runSequentially(SuiteRunner.java:437)
	at org.testng.SuiteRunner.privateRun(SuiteRunner.java:397)
	at org.testng.SuiteRunner.run(SuiteRunner.java:336)
	at org.testng.SuiteRunnerWorker.runSuite(SuiteRunnerWorker.java:52)
	at org.testng.SuiteRunnerWorker.run(SuiteRunnerWorker.java:95)
	at org.testng.TestNG.runSuitesSequentially(TestNG.java:1280)
	at org.testng.TestNG.runSuitesLocally(TestNG.java:1200)
	at org.testng.TestNG.runSuites(TestNG.java:1114)
	at org.testng.TestNG.run(TestNG.java:1082)
	at org.testng.remote.AbstractRemoteTestNG.run(AbstractRemoteTestNG.java:115)
	at org.testng.remote.RemoteTestNG.initAndRun(RemoteTestNG.java:251)
	at org.testng.remote.RemoteTestNG.main(RemoteTestNG.java:77)

</div> <!-- stack-trace -->
                </div> <!-- method-content -->
              </div> <!-- method -->
              <div class="method">
                <div class="method-content">
                  <a name="btnExitActionPerformedTest">
                  </a> <!-- btnExitActionPerformedTest -->
                  <span class="method-name">btnExitActionPerformedTest</span>
                  <div class="stack-trace">java.lang.RuntimeException: Test not implemented
	at edusys.LoginTest.btnExitActionPerformedTest(LoginTest.java:59)
	at java.base/jdk.internal.reflect.DirectMethodHandleAccessor.invoke(DirectMethodHandleAccessor.java:104)
	at java.base/java.lang.reflect.Method.invoke(Method.java:578)
	at org.testng.internal.invokers.MethodInvocationHelper.invokeMethod(MethodInvocationHelper.java:139)
	at org.testng.internal.invokers.TestInvoker.invokeMethod(TestInvoker.java:664)
	at org.testng.internal.invokers.TestInvoker.invokeTestMethod(TestInvoker.java:227)
	at org.testng.internal.invokers.MethodRunner.runInSequence(MethodRunner.java:50)
	at org.testng.internal.invokers.TestInvoker$MethodInvocationAgent.invoke(TestInvoker.java:957)
	at org.testng.internal.invokers.TestInvoker.invokeTestMethods(TestInvoker.java:200)
	at org.testng.internal.invokers.TestMethodWorker.invokeTestMethods(TestMethodWorker.java:148)
	at org.testng.internal.invokers.TestMethodWorker.run(TestMethodWorker.java:128)
	at java.base/java.util.ArrayList.forEach(ArrayList.java:1511)
	at org.testng.TestRunner.privateRun(TestRunner.java:848)
	at org.testng.TestRunner.run(TestRunner.java:621)
	at org.testng.SuiteRunner.runTest(SuiteRunner.java:443)
	at org.testng.SuiteRunner.runSequentially(SuiteRunner.java:437)
	at org.testng.SuiteRunner.privateRun(SuiteRunner.java:397)
	at org.testng.SuiteRunner.run(SuiteRunner.java:336)
	at org.testng.SuiteRunnerWorker.runSuite(SuiteRunnerWorker.java:52)
	at org.testng.SuiteRunnerWorker.run(SuiteRunnerWorker.java:95)
	at org.testng.TestNG.runSuitesSequentially(TestNG.java:1280)
	at org.testng.TestNG.runSuitesLocally(TestNG.java:1200)
	at org.testng.TestNG.runSuites(TestNG.java:1114)
	at org.testng.TestNG.run(TestNG.java:1082)
	at org.testng.remote.AbstractRemoteTestNG.run(AbstractRemoteTestNG.java:115)
	at org.testng.remote.RemoteTestNG.initAndRun(RemoteTestNG.java:251)
	at org.testng.remote.RemoteTestNG.main(RemoteTestNG.java:77)

</div> <!-- stack-trace -->
                </div> <!-- method-content -->
              </div> <!-- method -->
              <div class="method">
                <div class="method-content">
                  <a name="dangNhapTest">
                  </a> <!-- dangNhapTest -->
                  <span class="method-name">dangNhapTest</span>
                  <div class="stack-trace">java.lang.RuntimeException: Test not implemented
	at edusys.LoginTest.dangNhapTest(LoginTest.java:64)
	at java.base/jdk.internal.reflect.DirectMethodHandleAccessor.invoke(DirectMethodHandleAccessor.java:104)
	at java.base/java.lang.reflect.Method.invoke(Method.java:578)
	at org.testng.internal.invokers.MethodInvocationHelper.invokeMethod(MethodInvocationHelper.java:139)
	at org.testng.internal.invokers.TestInvoker.invokeMethod(TestInvoker.java:664)
	at org.testng.internal.invokers.TestInvoker.invokeTestMethod(TestInvoker.java:227)
	at org.testng.internal.invokers.MethodRunner.runInSequence(MethodRunner.java:50)
	at org.testng.internal.invokers.TestInvoker$MethodInvocationAgent.invoke(TestInvoker.java:957)
	at org.testng.internal.invokers.TestInvoker.invokeTestMethods(TestInvoker.java:200)
	at org.testng.internal.invokers.TestMethodWorker.invokeTestMethods(TestMethodWorker.java:148)
	at org.testng.internal.invokers.TestMethodWorker.run(TestMethodWorker.java:128)
	at java.base/java.util.ArrayList.forEach(ArrayList.java:1511)
	at org.testng.TestRunner.privateRun(TestRunner.java:848)
	at org.testng.TestRunner.run(TestRunner.java:621)
	at org.testng.SuiteRunner.runTest(SuiteRunner.java:443)
	at org.testng.SuiteRunner.runSequentially(SuiteRunner.java:437)
	at org.testng.SuiteRunner.privateRun(SuiteRunner.java:397)
	at org.testng.SuiteRunner.run(SuiteRunner.java:336)
	at org.testng.SuiteRunnerWorker.runSuite(SuiteRunnerWorker.java:52)
	at org.testng.SuiteRunnerWorker.run(SuiteRunnerWorker.java:95)
	at org.testng.TestNG.runSuitesSequentially(TestNG.java:1280)
	at org.testng.TestNG.runSuitesLocally(TestNG.java:1200)
	at org.testng.TestNG.runSuites(TestNG.java:1114)
	at org.testng.TestNG.run(TestNG.java:1082)
	at org.testng.remote.AbstractRemoteTestNG.run(AbstractRemoteTestNG.java:115)
	at org.testng.remote.RemoteTestNG.initAndRun(RemoteTestNG.java:251)
	at org.testng.remote.RemoteTestNG.main(RemoteTestNG.java:77)

</div> <!-- stack-trace -->
                </div> <!-- method-content -->
              </div> <!-- method -->
              <div class="method">
                <div class="method-content">
                  <a name="initComponentsTest">
                  </a> <!-- initComponentsTest -->
                  <span class="method-name">initComponentsTest</span>
                  <div class="stack-trace">java.lang.RuntimeException: Test not implemented
	at edusys.LoginTest.initComponentsTest(LoginTest.java:69)
	at java.base/jdk.internal.reflect.DirectMethodHandleAccessor.invoke(DirectMethodHandleAccessor.java:104)
	at java.base/java.lang.reflect.Method.invoke(Method.java:578)
	at org.testng.internal.invokers.MethodInvocationHelper.invokeMethod(MethodInvocationHelper.java:139)
	at org.testng.internal.invokers.TestInvoker.invokeMethod(TestInvoker.java:664)
	at org.testng.internal.invokers.TestInvoker.invokeTestMethod(TestInvoker.java:227)
	at org.testng.internal.invokers.MethodRunner.runInSequence(MethodRunner.java:50)
	at org.testng.internal.invokers.TestInvoker$MethodInvocationAgent.invoke(TestInvoker.java:957)
	at org.testng.internal.invokers.TestInvoker.invokeTestMethods(TestInvoker.java:200)
	at org.testng.internal.invokers.TestMethodWorker.invokeTestMethods(TestMethodWorker.java:148)
	at org.testng.internal.invokers.TestMethodWorker.run(TestMethodWorker.java:128)
	at java.base/java.util.ArrayList.forEach(ArrayList.java:1511)
	at org.testng.TestRunner.privateRun(TestRunner.java:848)
	at org.testng.TestRunner.run(TestRunner.java:621)
	at org.testng.SuiteRunner.runTest(SuiteRunner.java:443)
	at org.testng.SuiteRunner.runSequentially(SuiteRunner.java:437)
	at org.testng.SuiteRunner.privateRun(SuiteRunner.java:397)
	at org.testng.SuiteRunner.run(SuiteRunner.java:336)
	at org.testng.SuiteRunnerWorker.runSuite(SuiteRunnerWorker.java:52)
	at org.testng.SuiteRunnerWorker.run(SuiteRunnerWorker.java:95)
	at org.testng.TestNG.runSuitesSequentially(TestNG.java:1280)
	at org.testng.TestNG.runSuitesLocally(TestNG.java:1200)
	at org.testng.TestNG.runSuites(TestNG.java:1114)
	at org.testng.TestNG.run(TestNG.java:1082)
	at org.testng.remote.AbstractRemoteTestNG.run(AbstractRemoteTestNG.java:115)
	at org.testng.remote.RemoteTestNG.initAndRun(RemoteTestNG.java:251)
	at org.testng.remote.RemoteTestNG.main(RemoteTestNG.java:77)

</div> <!-- stack-trace -->
                </div> <!-- method-content -->
              </div> <!-- method -->
              <div class="method">
                <div class="method-content">
                  <a name="jLabel5MouseClickedTest">
                  </a> <!-- jLabel5MouseClickedTest -->
                  <span class="method-name">jLabel5MouseClickedTest</span>
                  <div class="stack-trace">java.lang.RuntimeException: Test not implemented
	at edusys.LoginTest.jLabel5MouseClickedTest(LoginTest.java:74)
	at java.base/jdk.internal.reflect.DirectMethodHandleAccessor.invoke(DirectMethodHandleAccessor.java:104)
	at java.base/java.lang.reflect.Method.invoke(Method.java:578)
	at org.testng.internal.invokers.MethodInvocationHelper.invokeMethod(MethodInvocationHelper.java:139)
	at org.testng.internal.invokers.TestInvoker.invokeMethod(TestInvoker.java:664)
	at org.testng.internal.invokers.TestInvoker.invokeTestMethod(TestInvoker.java:227)
	at org.testng.internal.invokers.MethodRunner.runInSequence(MethodRunner.java:50)
	at org.testng.internal.invokers.TestInvoker$MethodInvocationAgent.invoke(TestInvoker.java:957)
	at org.testng.internal.invokers.TestInvoker.invokeTestMethods(TestInvoker.java:200)
	at org.testng.internal.invokers.TestMethodWorker.invokeTestMethods(TestMethodWorker.java:148)
	at org.testng.internal.invokers.TestMethodWorker.run(TestMethodWorker.java:128)
	at java.base/java.util.ArrayList.forEach(ArrayList.java:1511)
	at org.testng.TestRunner.privateRun(TestRunner.java:848)
	at org.testng.TestRunner.run(TestRunner.java:621)
	at org.testng.SuiteRunner.runTest(SuiteRunner.java:443)
	at org.testng.SuiteRunner.runSequentially(SuiteRunner.java:437)
	at org.testng.SuiteRunner.privateRun(SuiteRunner.java:397)
	at org.testng.SuiteRunner.run(SuiteRunner.java:336)
	at org.testng.SuiteRunnerWorker.runSuite(SuiteRunnerWorker.java:52)
	at org.testng.SuiteRunnerWorker.run(SuiteRunnerWorker.java:95)
	at org.testng.TestNG.runSuitesSequentially(TestNG.java:1280)
	at org.testng.TestNG.runSuitesLocally(TestNG.java:1200)
	at org.testng.TestNG.runSuites(TestNG.java:1114)
	at org.testng.TestNG.run(TestNG.java:1082)
	at org.testng.remote.AbstractRemoteTestNG.run(AbstractRemoteTestNG.java:115)
	at org.testng.remote.RemoteTestNG.initAndRun(RemoteTestNG.java:251)
	at org.testng.remote.RemoteTestNG.main(RemoteTestNG.java:77)

</div> <!-- stack-trace -->
                </div> <!-- method-content -->
              </div> <!-- method -->
              <div class="method">
                <div class="method-content">
                  <a name="ketThucTest">
                  </a> <!-- ketThucTest -->
                  <span class="method-name">ketThucTest</span>
                  <div class="stack-trace">java.lang.RuntimeException: Test not implemented
	at edusys.LoginTest.ketThucTest(LoginTest.java:79)
	at java.base/jdk.internal.reflect.DirectMethodHandleAccessor.invoke(DirectMethodHandleAccessor.java:104)
	at java.base/java.lang.reflect.Method.invoke(Method.java:578)
	at org.testng.internal.invokers.MethodInvocationHelper.invokeMethod(MethodInvocationHelper.java:139)
	at org.testng.internal.invokers.TestInvoker.invokeMethod(TestInvoker.java:664)
	at org.testng.internal.invokers.TestInvoker.invokeTestMethod(TestInvoker.java:227)
	at org.testng.internal.invokers.MethodRunner.runInSequence(MethodRunner.java:50)
	at org.testng.internal.invokers.TestInvoker$MethodInvocationAgent.invoke(TestInvoker.java:957)
	at org.testng.internal.invokers.TestInvoker.invokeTestMethods(TestInvoker.java:200)
	at org.testng.internal.invokers.TestMethodWorker.invokeTestMethods(TestMethodWorker.java:148)
	at org.testng.internal.invokers.TestMethodWorker.run(TestMethodWorker.java:128)
	at java.base/java.util.ArrayList.forEach(ArrayList.java:1511)
	at org.testng.TestRunner.privateRun(TestRunner.java:848)
	at org.testng.TestRunner.run(TestRunner.java:621)
	at org.testng.SuiteRunner.runTest(SuiteRunner.java:443)
	at org.testng.SuiteRunner.runSequentially(SuiteRunner.java:437)
	at org.testng.SuiteRunner.privateRun(SuiteRunner.java:397)
	at org.testng.SuiteRunner.run(SuiteRunner.java:336)
	at org.testng.SuiteRunnerWorker.runSuite(SuiteRunnerWorker.java:52)
	at org.testng.SuiteRunnerWorker.run(SuiteRunnerWorker.java:95)
	at org.testng.TestNG.runSuitesSequentially(TestNG.java:1280)
	at org.testng.TestNG.runSuitesLocally(TestNG.java:1200)
	at org.testng.TestNG.runSuites(TestNG.java:1114)
	at org.testng.TestNG.run(TestNG.java:1082)
	at org.testng.remote.AbstractRemoteTestNG.run(AbstractRemoteTestNG.java:115)
	at org.testng.remote.RemoteTestNG.initAndRun(RemoteTestNG.java:251)
	at org.testng.remote.RemoteTestNG.main(RemoteTestNG.java:77)

</div> <!-- stack-trace -->
                </div> <!-- method-content -->
              </div> <!-- method -->
              <div class="method">
                <div class="method-content">
                  <a name="mainTest">
                  </a> <!-- mainTest -->
                  <span class="method-name">mainTest</span>
                  <div class="stack-trace">java.lang.RuntimeException: Test not implemented
	at edusys.LoginTest.mainTest(LoginTest.java:84)
	at java.base/jdk.internal.reflect.DirectMethodHandleAccessor.invoke(DirectMethodHandleAccessor.java:104)
	at java.base/java.lang.reflect.Method.invoke(Method.java:578)
	at org.testng.internal.invokers.MethodInvocationHelper.invokeMethod(MethodInvocationHelper.java:139)
	at org.testng.internal.invokers.TestInvoker.invokeMethod(TestInvoker.java:664)
	at org.testng.internal.invokers.TestInvoker.invokeTestMethod(TestInvoker.java:227)
	at org.testng.internal.invokers.MethodRunner.runInSequence(MethodRunner.java:50)
	at org.testng.internal.invokers.TestInvoker$MethodInvocationAgent.invoke(TestInvoker.java:957)
	at org.testng.internal.invokers.TestInvoker.invokeTestMethods(TestInvoker.java:200)
	at org.testng.internal.invokers.TestMethodWorker.invokeTestMethods(TestMethodWorker.java:148)
	at org.testng.internal.invokers.TestMethodWorker.run(TestMethodWorker.java:128)
	at java.base/java.util.ArrayList.forEach(ArrayList.java:1511)
	at org.testng.TestRunner.privateRun(TestRunner.java:848)
	at org.testng.TestRunner.run(TestRunner.java:621)
	at org.testng.SuiteRunner.runTest(SuiteRunner.java:443)
	at org.testng.SuiteRunner.runSequentially(SuiteRunner.java:437)
	at org.testng.SuiteRunner.privateRun(SuiteRunner.java:397)
	at org.testng.SuiteRunner.run(SuiteRunner.java:336)
	at org.testng.SuiteRunnerWorker.runSuite(SuiteRunnerWorker.java:52)
	at org.testng.SuiteRunnerWorker.run(SuiteRunnerWorker.java:95)
	at org.testng.TestNG.runSuitesSequentially(TestNG.java:1280)
	at org.testng.TestNG.runSuitesLocally(TestNG.java:1200)
	at org.testng.TestNG.runSuites(TestNG.java:1114)
	at org.testng.TestNG.run(TestNG.java:1082)
	at org.testng.remote.AbstractRemoteTestNG.run(AbstractRemoteTestNG.java:115)
	at org.testng.remote.RemoteTestNG.initAndRun(RemoteTestNG.java:251)
	at org.testng.remote.RemoteTestNG.main(RemoteTestNG.java:77)

</div> <!-- stack-trace -->
                </div> <!-- method-content -->
              </div> <!-- method -->
              <div class="method">
                <div class="method-content">
                  <a name="txtMaNVActionPerformedTest">
                  </a> <!-- txtMaNVActionPerformedTest -->
                  <span class="method-name">txtMaNVActionPerformedTest</span>
                  <div class="stack-trace">java.lang.RuntimeException: Test not implemented
	at edusys.LoginTest.txtMaNVActionPerformedTest(LoginTest.java:89)
	at java.base/jdk.internal.reflect.DirectMethodHandleAccessor.invoke(DirectMethodHandleAccessor.java:104)
	at java.base/java.lang.reflect.Method.invoke(Method.java:578)
	at org.testng.internal.invokers.MethodInvocationHelper.invokeMethod(MethodInvocationHelper.java:139)
	at org.testng.internal.invokers.TestInvoker.invokeMethod(TestInvoker.java:664)
	at org.testng.internal.invokers.TestInvoker.invokeTestMethod(TestInvoker.java:227)
	at org.testng.internal.invokers.MethodRunner.runInSequence(MethodRunner.java:50)
	at org.testng.internal.invokers.TestInvoker$MethodInvocationAgent.invoke(TestInvoker.java:957)
	at org.testng.internal.invokers.TestInvoker.invokeTestMethods(TestInvoker.java:200)
	at org.testng.internal.invokers.TestMethodWorker.invokeTestMethods(TestMethodWorker.java:148)
	at org.testng.internal.invokers.TestMethodWorker.run(TestMethodWorker.java:128)
	at java.base/java.util.ArrayList.forEach(ArrayList.java:1511)
	at org.testng.TestRunner.privateRun(TestRunner.java:848)
	at org.testng.TestRunner.run(TestRunner.java:621)
	at org.testng.SuiteRunner.runTest(SuiteRunner.java:443)
	at org.testng.SuiteRunner.runSequentially(SuiteRunner.java:437)
	at org.testng.SuiteRunner.privateRun(SuiteRunner.java:397)
	at org.testng.SuiteRunner.run(SuiteRunner.java:336)
	at org.testng.SuiteRunnerWorker.runSuite(SuiteRunnerWorker.java:52)
	at org.testng.SuiteRunnerWorker.run(SuiteRunnerWorker.java:95)
	at org.testng.TestNG.runSuitesSequentially(TestNG.java:1280)
	at org.testng.TestNG.runSuitesLocally(TestNG.java:1200)
	at org.testng.TestNG.runSuites(TestNG.java:1114)
	at org.testng.TestNG.run(TestNG.java:1082)
	at org.testng.remote.AbstractRemoteTestNG.run(AbstractRemoteTestNG.java:115)
	at org.testng.remote.RemoteTestNG.initAndRun(RemoteTestNG.java:251)
	at org.testng.remote.RemoteTestNG.main(RemoteTestNG.java:77)

</div> <!-- stack-trace -->
                </div> <!-- method-content -->
              </div> <!-- method -->
            </div> <!-- main-panel-content rounded-window-bottom -->
          </div> <!-- suite-Default_suite-class-failed -->
          <div class="suite-Default_suite-class-failed">
            <div class="main-panel-header rounded-window-top">
              <img src="failed.png"/>
              <span class="class-name">testing.QLNHTest</span>
            </div> <!-- main-panel-header rounded-window-top -->
            <div class="main-panel-content rounded-window-bottom">
              <div class="method">
                <div class="method-content">
                  <a name="testInsert">
                  </a> <!-- testInsert -->
                  <span class="method-name">testInsert</span>
                  <div class="stack-trace">java.lang.RuntimeException: java.text.ParseException: Unparseable date: &quot;01-05-2003&quot;
	at Khac.XDate.toDate(XDate.java:21)
	at edusys.QLNH.getForm(QLNH.java:565)
	at edusys.QLNH.insert(QLNH.java:485)
	at testing.QLNHTest.testInsert(QLNHTest.java:45)
	at java.base/jdk.internal.reflect.DirectMethodHandleAccessor.invoke(DirectMethodHandleAccessor.java:104)
	at java.base/java.lang.reflect.Method.invoke(Method.java:578)
	at org.testng.internal.invokers.MethodInvocationHelper.invokeMethod(MethodInvocationHelper.java:139)
	at org.testng.internal.invokers.TestInvoker.invokeMethod(TestInvoker.java:664)
	at org.testng.internal.invokers.TestInvoker.invokeTestMethod(TestInvoker.java:227)
	at org.testng.internal.invokers.MethodRunner.runInSequence(MethodRunner.java:50)
	at org.testng.internal.invokers.TestInvoker$MethodInvocationAgent.invoke(TestInvoker.java:957)
	at org.testng.internal.invokers.TestInvoker.invokeTestMethods(TestInvoker.java:200)
	at org.testng.internal.invokers.TestMethodWorker.invokeTestMethods(TestMethodWorker.java:148)
	at org.testng.internal.invokers.TestMethodWorker.run(TestMethodWorker.java:128)
	at java.base/java.util.ArrayList.forEach(ArrayList.java:1511)
	at org.testng.TestRunner.privateRun(TestRunner.java:848)
	at org.testng.TestRunner.run(TestRunner.java:621)
	at org.testng.SuiteRunner.runTest(SuiteRunner.java:443)
	at org.testng.SuiteRunner.runSequentially(SuiteRunner.java:437)
	at org.testng.SuiteRunner.privateRun(SuiteRunner.java:397)
	at org.testng.SuiteRunner.run(SuiteRunner.java:336)
	at org.testng.SuiteRunnerWorker.runSuite(SuiteRunnerWorker.java:52)
	at org.testng.SuiteRunnerWorker.run(SuiteRunnerWorker.java:95)
	at org.testng.TestNG.runSuitesSequentially(TestNG.java:1280)
	at org.testng.TestNG.runSuitesLocally(TestNG.java:1200)
	at org.testng.TestNG.runSuites(TestNG.java:1114)
	at org.testng.TestNG.run(TestNG.java:1082)
	at org.testng.remote.AbstractRemoteTestNG.run(AbstractRemoteTestNG.java:115)
	at org.testng.remote.RemoteTestNG.initAndRun(RemoteTestNG.java:251)
	at org.testng.remote.RemoteTestNG.main(RemoteTestNG.java:77)
Caused by: java.text.ParseException: Unparseable date: &quot;01-05-2003&quot;
	at java.base/java.text.DateFormat.parse(DateFormat.java:399)
	at Khac.XDate.toDate(XDate.java:18)
	... 29 more

</div> <!-- stack-trace -->
                </div> <!-- method-content -->
              </div> <!-- method -->
              <div class="method">
                <div class="method-content">
                  <a name="testInsertNull">
                  </a> <!-- testInsertNull -->
                  <span class="method-name">testInsertNull</span>
                  <div class="stack-trace">java.lang.RuntimeException: java.text.ParseException: Unparseable date: &quot;&quot;
	at Khac.XDate.toDate(XDate.java:21)
	at edusys.QLNH.getForm(QLNH.java:565)
	at edusys.QLNH.insert(QLNH.java:485)
	at testing.QLNHTest.testInsertNull(QLNHTest.java:67)
	at java.base/jdk.internal.reflect.DirectMethodHandleAccessor.invoke(DirectMethodHandleAccessor.java:104)
	at java.base/java.lang.reflect.Method.invoke(Method.java:578)
	at org.testng.internal.invokers.MethodInvocationHelper.invokeMethod(MethodInvocationHelper.java:139)
	at org.testng.internal.invokers.TestInvoker.invokeMethod(TestInvoker.java:664)
	at org.testng.internal.invokers.TestInvoker.invokeTestMethod(TestInvoker.java:227)
	at org.testng.internal.invokers.MethodRunner.runInSequence(MethodRunner.java:50)
	at org.testng.internal.invokers.TestInvoker$MethodInvocationAgent.invoke(TestInvoker.java:957)
	at org.testng.internal.invokers.TestInvoker.invokeTestMethods(TestInvoker.java:200)
	at org.testng.internal.invokers.TestMethodWorker.invokeTestMethods(TestMethodWorker.java:148)
	at org.testng.internal.invokers.TestMethodWorker.run(TestMethodWorker.java:128)
	at java.base/java.util.ArrayList.forEach(ArrayList.java:1511)
	at org.testng.TestRunner.privateRun(TestRunner.java:848)
	at org.testng.TestRunner.run(TestRunner.java:621)
	at org.testng.SuiteRunner.runTest(SuiteRunner.java:443)
	at org.testng.SuiteRunner.runSequentially(SuiteRunner.java:437)
	at org.testng.SuiteRunner.privateRun(SuiteRunner.java:397)
	at org.testng.SuiteRunner.run(SuiteRunner.java:336)
	at org.testng.SuiteRunnerWorker.runSuite(SuiteRunnerWorker.java:52)
	at org.testng.SuiteRunnerWorker.run(SuiteRunnerWorker.java:95)
	at org.testng.TestNG.runSuitesSequentially(TestNG.java:1280)
	at org.testng.TestNG.runSuitesLocally(TestNG.java:1200)
	at org.testng.TestNG.runSuites(TestNG.java:1114)
	at org.testng.TestNG.run(TestNG.java:1082)
	at org.testng.remote.AbstractRemoteTestNG.run(AbstractRemoteTestNG.java:115)
	at org.testng.remote.RemoteTestNG.initAndRun(RemoteTestNG.java:251)
	at org.testng.remote.RemoteTestNG.main(RemoteTestNG.java:77)
Caused by: java.text.ParseException: Unparseable date: &quot;&quot;
	at java.base/java.text.DateFormat.parse(DateFormat.java:399)
	at Khac.XDate.toDate(XDate.java:18)
	... 29 more

</div> <!-- stack-trace -->
                </div> <!-- method-content -->
              </div> <!-- method -->
              <div class="method">
                <div class="method-content">
                  <a name="testInsertTrungMNH">
                  </a> <!-- testInsertTrungMNH -->
                  <span class="method-name">testInsertTrungMNH</span>
                  <div class="stack-trace">java.lang.RuntimeException: java.text.ParseException: Unparseable date: &quot;01-05-2003&quot;
	at Khac.XDate.toDate(XDate.java:21)
	at edusys.QLNH.getForm(QLNH.java:565)
	at edusys.QLNH.insert(QLNH.java:485)
	at testing.QLNHTest.testInsertTrungMNH(QLNHTest.java:56)
	at java.base/jdk.internal.reflect.DirectMethodHandleAccessor.invoke(DirectMethodHandleAccessor.java:104)
	at java.base/java.lang.reflect.Method.invoke(Method.java:578)
	at org.testng.internal.invokers.MethodInvocationHelper.invokeMethod(MethodInvocationHelper.java:139)
	at org.testng.internal.invokers.TestInvoker.invokeMethod(TestInvoker.java:664)
	at org.testng.internal.invokers.TestInvoker.invokeTestMethod(TestInvoker.java:227)
	at org.testng.internal.invokers.MethodRunner.runInSequence(MethodRunner.java:50)
	at org.testng.internal.invokers.TestInvoker$MethodInvocationAgent.invoke(TestInvoker.java:957)
	at org.testng.internal.invokers.TestInvoker.invokeTestMethods(TestInvoker.java:200)
	at org.testng.internal.invokers.TestMethodWorker.invokeTestMethods(TestMethodWorker.java:148)
	at org.testng.internal.invokers.TestMethodWorker.run(TestMethodWorker.java:128)
	at java.base/java.util.ArrayList.forEach(ArrayList.java:1511)
	at org.testng.TestRunner.privateRun(TestRunner.java:848)
	at org.testng.TestRunner.run(TestRunner.java:621)
	at org.testng.SuiteRunner.runTest(SuiteRunner.java:443)
	at org.testng.SuiteRunner.runSequentially(SuiteRunner.java:437)
	at org.testng.SuiteRunner.privateRun(SuiteRunner.java:397)
	at org.testng.SuiteRunner.run(SuiteRunner.java:336)
	at org.testng.SuiteRunnerWorker.runSuite(SuiteRunnerWorker.java:52)
	at org.testng.SuiteRunnerWorker.run(SuiteRunnerWorker.java:95)
	at org.testng.TestNG.runSuitesSequentially(TestNG.java:1280)
	at org.testng.TestNG.runSuitesLocally(TestNG.java:1200)
	at org.testng.TestNG.runSuites(TestNG.java:1114)
	at org.testng.TestNG.run(TestNG.java:1082)
	at org.testng.remote.AbstractRemoteTestNG.run(AbstractRemoteTestNG.java:115)
	at org.testng.remote.RemoteTestNG.initAndRun(RemoteTestNG.java:251)
	at org.testng.remote.RemoteTestNG.main(RemoteTestNG.java:77)
Caused by: java.text.ParseException: Unparseable date: &quot;01-05-2003&quot;
	at java.base/java.text.DateFormat.parse(DateFormat.java:399)
	at Khac.XDate.toDate(XDate.java:18)
	... 29 more

</div> <!-- stack-trace -->
                </div> <!-- method-content -->
              </div> <!-- method -->
              <div class="method">
                <div class="method-content">
                  <a name="testUpdate">
                  </a> <!-- testUpdate -->
                  <span class="method-name">testUpdate</span>
                  <div class="stack-trace">java.lang.RuntimeException: java.text.ParseException: Unparseable date: &quot;01-05-2000&quot;
	at Khac.XDate.toDate(XDate.java:21)
	at edusys.QLNH.getForm(QLNH.java:565)
	at edusys.QLNH.update(QLNH.java:498)
	at testing.QLNHTest.testUpdate(QLNHTest.java:79)
	at java.base/jdk.internal.reflect.DirectMethodHandleAccessor.invoke(DirectMethodHandleAccessor.java:104)
	at java.base/java.lang.reflect.Method.invoke(Method.java:578)
	at org.testng.internal.invokers.MethodInvocationHelper.invokeMethod(MethodInvocationHelper.java:139)
	at org.testng.internal.invokers.TestInvoker.invokeMethod(TestInvoker.java:664)
	at org.testng.internal.invokers.TestInvoker.invokeTestMethod(TestInvoker.java:227)
	at org.testng.internal.invokers.MethodRunner.runInSequence(MethodRunner.java:50)
	at org.testng.internal.invokers.TestInvoker$MethodInvocationAgent.invoke(TestInvoker.java:957)
	at org.testng.internal.invokers.TestInvoker.invokeTestMethods(TestInvoker.java:200)
	at org.testng.internal.invokers.TestMethodWorker.invokeTestMethods(TestMethodWorker.java:148)
	at org.testng.internal.invokers.TestMethodWorker.run(TestMethodWorker.java:128)
	at java.base/java.util.ArrayList.forEach(ArrayList.java:1511)
	at org.testng.TestRunner.privateRun(TestRunner.java:848)
	at org.testng.TestRunner.run(TestRunner.java:621)
	at org.testng.SuiteRunner.runTest(SuiteRunner.java:443)
	at org.testng.SuiteRunner.runSequentially(SuiteRunner.java:437)
	at org.testng.SuiteRunner.privateRun(SuiteRunner.java:397)
	at org.testng.SuiteRunner.run(SuiteRunner.java:336)
	at org.testng.SuiteRunnerWorker.runSuite(SuiteRunnerWorker.java:52)
	at org.testng.SuiteRunnerWorker.run(SuiteRunnerWorker.java:95)
	at org.testng.TestNG.runSuitesSequentially(TestNG.java:1280)
	at org.testng.TestNG.runSuitesLocally(TestNG.java:1200)
	at org.testng.TestNG.runSuites(TestNG.java:1114)
	at org.testng.TestNG.run(TestNG.java:1082)
	at org.testng.remote.AbstractRemoteTestNG.run(AbstractRemoteTestNG.java:115)
	at org.testng.remote.RemoteTestNG.initAndRun(RemoteTestNG.java:251)
	at org.testng.remote.RemoteTestNG.main(RemoteTestNG.java:77)
Caused by: java.text.ParseException: Unparseable date: &quot;01-05-2000&quot;
	at java.base/java.text.DateFormat.parse(DateFormat.java:399)
	at Khac.XDate.toDate(XDate.java:18)
	... 29 more

</div> <!-- stack-trace -->
                </div> <!-- method-content -->
              </div> <!-- method -->
              <div class="method">
                <div class="method-content">
                  <a name="testUpdateNull">
                  </a> <!-- testUpdateNull -->
                  <span class="method-name">testUpdateNull</span>
                  <div class="stack-trace">java.lang.RuntimeException: java.text.ParseException: Unparseable date: &quot;&quot;
	at Khac.XDate.toDate(XDate.java:21)
	at edusys.QLNH.getForm(QLNH.java:565)
	at edusys.QLNH.update(QLNH.java:498)
	at testing.QLNHTest.testUpdateNull(QLNHTest.java:90)
	at java.base/jdk.internal.reflect.DirectMethodHandleAccessor.invoke(DirectMethodHandleAccessor.java:104)
	at java.base/java.lang.reflect.Method.invoke(Method.java:578)
	at org.testng.internal.invokers.MethodInvocationHelper.invokeMethod(MethodInvocationHelper.java:139)
	at org.testng.internal.invokers.TestInvoker.invokeMethod(TestInvoker.java:664)
	at org.testng.internal.invokers.TestInvoker.invokeTestMethod(TestInvoker.java:227)
	at org.testng.internal.invokers.MethodRunner.runInSequence(MethodRunner.java:50)
	at org.testng.internal.invokers.TestInvoker$MethodInvocationAgent.invoke(TestInvoker.java:957)
	at org.testng.internal.invokers.TestInvoker.invokeTestMethods(TestInvoker.java:200)
	at org.testng.internal.invokers.TestMethodWorker.invokeTestMethods(TestMethodWorker.java:148)
	at org.testng.internal.invokers.TestMethodWorker.run(TestMethodWorker.java:128)
	at java.base/java.util.ArrayList.forEach(ArrayList.java:1511)
	at org.testng.TestRunner.privateRun(TestRunner.java:848)
	at org.testng.TestRunner.run(TestRunner.java:621)
	at org.testng.SuiteRunner.runTest(SuiteRunner.java:443)
	at org.testng.SuiteRunner.runSequentially(SuiteRunner.java:437)
	at org.testng.SuiteRunner.privateRun(SuiteRunner.java:397)
	at org.testng.SuiteRunner.run(SuiteRunner.java:336)
	at org.testng.SuiteRunnerWorker.runSuite(SuiteRunnerWorker.java:52)
	at org.testng.SuiteRunnerWorker.run(SuiteRunnerWorker.java:95)
	at org.testng.TestNG.runSuitesSequentially(TestNG.java:1280)
	at org.testng.TestNG.runSuitesLocally(TestNG.java:1200)
	at org.testng.TestNG.runSuites(TestNG.java:1114)
	at org.testng.TestNG.run(TestNG.java:1082)
	at org.testng.remote.AbstractRemoteTestNG.run(AbstractRemoteTestNG.java:115)
	at org.testng.remote.RemoteTestNG.initAndRun(RemoteTestNG.java:251)
	at org.testng.remote.RemoteTestNG.main(RemoteTestNG.java:77)
Caused by: java.text.ParseException: Unparseable date: &quot;&quot;
	at java.base/java.text.DateFormat.parse(DateFormat.java:399)
	at Khac.XDate.toDate(XDate.java:18)
	... 29 more

</div> <!-- stack-trace -->
                </div> <!-- method-content -->
              </div> <!-- method -->
            </div> <!-- main-panel-content rounded-window-bottom -->
          </div> <!-- suite-Default_suite-class-failed -->
          <div class="suite-Default_suite-class-failed">
            <div class="main-panel-header rounded-window-top">
              <img src="failed.png"/>
              <span class="class-name">testing.NguoihocDAOTest</span>
            </div> <!-- main-panel-header rounded-window-top -->
            <div class="main-panel-content rounded-window-bottom">
              <div class="method">
                <div class="method-content">
                  <a name="testDeleteHopLe">
                  </a> <!-- testDeleteHopLe -->
                  <span class="method-name">testDeleteHopLe</span>
                  <div class="stack-trace">org.testng.internal.reflect.MethodMatcherException: 
[public void testing.NguoihocDAOTest.testDeleteHopLe(java.lang.String) throws java.text.ParseException] has no parameters defined but was found to be using a data provider (either explicitly specified or inherited from class level annotation).
Data provider mismatch
Method: testDeleteHopLe([java.lang.String arg0])
Arguments: [(java.lang.String) nh-01,(java.lang.String) UyenPhuong,(java.lang.String) 09/08/2002,(java.lang.Boolean) true,(java.lang.String) 0328645096,(java.lang.String) uynphng765@gmail.com,(java.lang.String) hehe,(java.lang.String) TeoNV,(java.lang.String) 08/07/2023]
	at org.testng.internal.reflect.DataProviderMethodMatcher.getConformingArguments(DataProviderMethodMatcher.java:46)
	at org.testng.internal.Parameters.injectParameters(Parameters.java:909)
	at org.testng.internal.invokers.MethodRunner.runInSequence(MethodRunner.java:37)
	at org.testng.internal.invokers.TestInvoker$MethodInvocationAgent.invoke(TestInvoker.java:957)
	at org.testng.internal.invokers.TestInvoker.invokeTestMethods(TestInvoker.java:200)
	at org.testng.internal.invokers.TestMethodWorker.invokeTestMethods(TestMethodWorker.java:148)
	at org.testng.internal.invokers.TestMethodWorker.run(TestMethodWorker.java:128)
	at java.base/java.util.ArrayList.forEach(ArrayList.java:1511)
	at org.testng.TestRunner.privateRun(TestRunner.java:848)
	at org.testng.TestRunner.run(TestRunner.java:621)
	at org.testng.SuiteRunner.runTest(SuiteRunner.java:443)
	at org.testng.SuiteRunner.runSequentially(SuiteRunner.java:437)
	at org.testng.SuiteRunner.privateRun(SuiteRunner.java:397)
	at org.testng.SuiteRunner.run(SuiteRunner.java:336)
	at org.testng.SuiteRunnerWorker.runSuite(SuiteRunnerWorker.java:52)
	at org.testng.SuiteRunnerWorker.run(SuiteRunnerWorker.java:95)
	at org.testng.TestNG.runSuitesSequentially(TestNG.java:1280)
	at org.testng.TestNG.runSuitesLocally(TestNG.java:1200)
	at org.testng.TestNG.runSuites(TestNG.java:1114)
	at org.testng.TestNG.run(TestNG.java:1082)
	at org.testng.remote.AbstractRemoteTestNG.run(AbstractRemoteTestNG.java:115)
	at org.testng.remote.RemoteTestNG.initAndRun(RemoteTestNG.java:251)
	at org.testng.remote.RemoteTestNG.main(RemoteTestNG.java:77)

</div> <!-- stack-trace -->
                  <em>
(DeleteValid)                  </em>
                </div> <!-- method-content -->
              </div> <!-- method -->
              <div class="method">
                <div class="method-content">
                  <a name="testDeleteNULL">
                  </a> <!-- testDeleteNULL -->
                  <span class="method-name">testDeleteNULL</span>
                  <div class="stack-trace">org.testng.internal.reflect.MethodMatcherException: 
[public void testing.NguoihocDAOTest.testDeleteNULL(java.lang.String) throws java.lang.Exception] has no parameters defined but was found to be using a data provider (either explicitly specified or inherited from class level annotation).
Data provider mismatch
Method: testDeleteNULL([java.lang.String arg0])
Arguments: [(java.lang.String) ,(java.lang.String) ,(java.lang.String) ,(java.lang.Boolean) false,(java.lang.String) ,(java.lang.String) ,(java.lang.String) ,(java.lang.String) ,(java.lang.String) ]
	at org.testng.internal.reflect.DataProviderMethodMatcher.getConformingArguments(DataProviderMethodMatcher.java:46)
	at org.testng.internal.Parameters.injectParameters(Parameters.java:909)
	at org.testng.internal.invokers.MethodRunner.runInSequence(MethodRunner.java:37)
	at org.testng.internal.invokers.TestInvoker$MethodInvocationAgent.invoke(TestInvoker.java:957)
	at org.testng.internal.invokers.TestInvoker.invokeTestMethods(TestInvoker.java:200)
	at org.testng.internal.invokers.TestMethodWorker.invokeTestMethods(TestMethodWorker.java:148)
	at org.testng.internal.invokers.TestMethodWorker.run(TestMethodWorker.java:128)
	at java.base/java.util.ArrayList.forEach(ArrayList.java:1511)
	at org.testng.TestRunner.privateRun(TestRunner.java:848)
	at org.testng.TestRunner.run(TestRunner.java:621)
	at org.testng.SuiteRunner.runTest(SuiteRunner.java:443)
	at org.testng.SuiteRunner.runSequentially(SuiteRunner.java:437)
	at org.testng.SuiteRunner.privateRun(SuiteRunner.java:397)
	at org.testng.SuiteRunner.run(SuiteRunner.java:336)
	at org.testng.SuiteRunnerWorker.runSuite(SuiteRunnerWorker.java:52)
	at org.testng.SuiteRunnerWorker.run(SuiteRunnerWorker.java:95)
	at org.testng.TestNG.runSuitesSequentially(TestNG.java:1280)
	at org.testng.TestNG.runSuitesLocally(TestNG.java:1200)
	at org.testng.TestNG.runSuites(TestNG.java:1114)
	at org.testng.TestNG.run(TestNG.java:1082)
	at org.testng.remote.AbstractRemoteTestNG.run(AbstractRemoteTestNG.java:115)
	at org.testng.remote.RemoteTestNG.initAndRun(RemoteTestNG.java:251)
	at org.testng.remote.RemoteTestNG.main(RemoteTestNG.java:77)

</div> <!-- stack-trace -->
                  <em>
(DeleteNull)                  </em>
                </div> <!-- method-content -->
              </div> <!-- method -->
              <div class="method">
                <div class="method-content">
                  <a name="testInsertHopLe(nh-01, UyenPhuong, 09/08/2002, true, 0328645096, uynphng765@gmail.com, hehe, TeoNV, 08/07/2023)">
                  </a> <!-- testInsertHopLe(nh-01, UyenPhuong, 09/08/2002, true, 0328645096, uynphng765@gmail.com, hehe, TeoNV, 08/07/2023) -->
                  <span class="method-name">testInsertHopLe</span>
                  <span class="parameters">(nh-01,UyenPhuong,09/08/2002,true,0328645096,uynphng765@gmail.com,hehe,TeoNV,08/07/2023)</span>
                  <div class="stack-trace">java.lang.RuntimeException: com.microsoft.sqlserver.jdbc.SQLServerException: Violation of PRIMARY KEY constraint &apos;PK_NguoiHoc&apos;. Cannot insert duplicate key in object &apos;dbo.NguoiHoc&apos;. The duplicate key value is (nh-01  ).
	at Database.JDBC.update(JDBC.java:49)
	at Database.NguoihocDAO.insert(NguoihocDAO.java:22)
	at testing.NguoihocDAOTest.testInsertHopLe(NguoihocDAOTest.java:58)
	at java.base/jdk.internal.reflect.DirectMethodHandleAccessor.invoke(DirectMethodHandleAccessor.java:104)
	at java.base/java.lang.reflect.Method.invoke(Method.java:578)
	at org.testng.internal.invokers.MethodInvocationHelper.invokeMethod(MethodInvocationHelper.java:139)
	at org.testng.internal.invokers.TestInvoker.invokeMethod(TestInvoker.java:664)
	at org.testng.internal.invokers.TestInvoker.invokeTestMethod(TestInvoker.java:227)
	at org.testng.internal.invokers.MethodRunner.runInSequence(MethodRunner.java:50)
	at org.testng.internal.invokers.TestInvoker$MethodInvocationAgent.invoke(TestInvoker.java:957)
	at org.testng.internal.invokers.TestInvoker.invokeTestMethods(TestInvoker.java:200)
	at org.testng.internal.invokers.TestMethodWorker.invokeTestMethods(TestMethodWorker.java:148)
	at org.testng.internal.invokers.TestMethodWorker.run(TestMethodWorker.java:128)
	at java.base/java.util.ArrayList.forEach(ArrayList.java:1511)
	at org.testng.TestRunner.privateRun(TestRunner.java:848)
	at org.testng.TestRunner.run(TestRunner.java:621)
	at org.testng.SuiteRunner.runTest(SuiteRunner.java:443)
	at org.testng.SuiteRunner.runSequentially(SuiteRunner.java:437)
	at org.testng.SuiteRunner.privateRun(SuiteRunner.java:397)
	at org.testng.SuiteRunner.run(SuiteRunner.java:336)
	at org.testng.SuiteRunnerWorker.runSuite(SuiteRunnerWorker.java:52)
	at org.testng.SuiteRunnerWorker.run(SuiteRunnerWorker.java:95)
	at org.testng.TestNG.runSuitesSequentially(TestNG.java:1280)
	at org.testng.TestNG.runSuitesLocally(TestNG.java:1200)
	at org.testng.TestNG.runSuites(TestNG.java:1114)
	at org.testng.TestNG.run(TestNG.java:1082)
	at org.testng.remote.AbstractRemoteTestNG.run(AbstractRemoteTestNG.java:115)
	at org.testng.remote.RemoteTestNG.initAndRun(RemoteTestNG.java:251)
	at org.testng.remote.RemoteTestNG.main(RemoteTestNG.java:77)
Caused by: com.microsoft.sqlserver.jdbc.SQLServerException: Violation of PRIMARY KEY constraint &apos;PK_NguoiHoc&apos;. Cannot insert duplicate key in object &apos;dbo.NguoiHoc&apos;. The duplicate key value is (nh-01  ).
	at com.microsoft.sqlserver.jdbc.SQLServerException.makeFromDatabaseError(SQLServerException.java:265)
	at com.microsoft.sqlserver.jdbc.SQLServerStatement.getNextResult(SQLServerStatement.java:1673)
	at com.microsoft.sqlserver.jdbc.SQLServerPreparedStatement.doExecutePreparedStatement(SQLServerPreparedStatement.java:620)
	at com.microsoft.sqlserver.jdbc.SQLServerPreparedStatement$PrepStmtExecCmd.doExecute(SQLServerPreparedStatement.java:540)
	at com.microsoft.sqlserver.jdbc.TDSCommand.execute(IOBuffer.java:7627)
	at com.microsoft.sqlserver.jdbc.SQLServerConnection.executeCommand(SQLServerConnection.java:3912)
	at com.microsoft.sqlserver.jdbc.SQLServerStatement.executeCommand(SQLServerStatement.java:268)
	at com.microsoft.sqlserver.jdbc.SQLServerStatement.executeStatement(SQLServerStatement.java:242)
	at com.microsoft.sqlserver.jdbc.SQLServerPreparedStatement.executeUpdate(SQLServerPreparedStatement.java:486)
	at Database.JDBC.update(JDBC.java:42)
	... 28 more

</div> <!-- stack-trace -->
                  <em>
(InsertValid)                  </em>
                </div> <!-- method-content -->
              </div> <!-- method -->
              <div class="method">
                <div class="method-content">
                  <a name="testInsertHopLe(nh-02, UyenPhuong, 09/08/2002, false, 0328645096, uynphng765@gmail.com, hehe, uyenphuong, 08/07/2023)">
                  </a> <!-- testInsertHopLe(nh-02, UyenPhuong, 09/08/2002, false, 0328645096, uynphng765@gmail.com, hehe, uyenphuong, 08/07/2023) -->
                  <span class="method-name">testInsertHopLe</span>
                  <span class="parameters">(nh-02,UyenPhuong,09/08/2002,false,0328645096,uynphng765@gmail.com,hehe,uyenphuong,08/07/2023)</span>
                  <div class="stack-trace">java.lang.RuntimeException: com.microsoft.sqlserver.jdbc.SQLServerException: The INSERT statement conflicted with the FOREIGN KEY constraint &quot;FK_NguoiHoc_NhanVien&quot;. The conflict occurred in database &quot;ps25732_polypro&quot;, table &quot;dbo.NhanVien&quot;, column &apos;MaNV&apos;.
	at Database.JDBC.update(JDBC.java:49)
	at Database.NguoihocDAO.insert(NguoihocDAO.java:22)
	at testing.NguoihocDAOTest.testInsertHopLe(NguoihocDAOTest.java:58)
	at java.base/jdk.internal.reflect.DirectMethodHandleAccessor.invoke(DirectMethodHandleAccessor.java:104)
	at java.base/java.lang.reflect.Method.invoke(Method.java:578)
	at org.testng.internal.invokers.MethodInvocationHelper.invokeMethod(MethodInvocationHelper.java:139)
	at org.testng.internal.invokers.TestInvoker.invokeMethod(TestInvoker.java:664)
	at org.testng.internal.invokers.TestInvoker.invokeTestMethod(TestInvoker.java:227)
	at org.testng.internal.invokers.MethodRunner.runInSequence(MethodRunner.java:50)
	at org.testng.internal.invokers.TestInvoker$MethodInvocationAgent.invoke(TestInvoker.java:957)
	at org.testng.internal.invokers.TestInvoker.invokeTestMethods(TestInvoker.java:200)
	at org.testng.internal.invokers.TestMethodWorker.invokeTestMethods(TestMethodWorker.java:148)
	at org.testng.internal.invokers.TestMethodWorker.run(TestMethodWorker.java:128)
	at java.base/java.util.ArrayList.forEach(ArrayList.java:1511)
	at org.testng.TestRunner.privateRun(TestRunner.java:848)
	at org.testng.TestRunner.run(TestRunner.java:621)
	at org.testng.SuiteRunner.runTest(SuiteRunner.java:443)
	at org.testng.SuiteRunner.runSequentially(SuiteRunner.java:437)
	at org.testng.SuiteRunner.privateRun(SuiteRunner.java:397)
	at org.testng.SuiteRunner.run(SuiteRunner.java:336)
	at org.testng.SuiteRunnerWorker.runSuite(SuiteRunnerWorker.java:52)
	at org.testng.SuiteRunnerWorker.run(SuiteRunnerWorker.java:95)
	at org.testng.TestNG.runSuitesSequentially(TestNG.java:1280)
	at org.testng.TestNG.runSuitesLocally(TestNG.java:1200)
	at org.testng.TestNG.runSuites(TestNG.java:1114)
	at org.testng.TestNG.run(TestNG.java:1082)
	at org.testng.remote.AbstractRemoteTestNG.run(AbstractRemoteTestNG.java:115)
	at org.testng.remote.RemoteTestNG.initAndRun(RemoteTestNG.java:251)
	at org.testng.remote.RemoteTestNG.main(RemoteTestNG.java:77)
Caused by: com.microsoft.sqlserver.jdbc.SQLServerException: The INSERT statement conflicted with the FOREIGN KEY constraint &quot;FK_NguoiHoc_NhanVien&quot;. The conflict occurred in database &quot;ps25732_polypro&quot;, table &quot;dbo.NhanVien&quot;, column &apos;MaNV&apos;.
	at com.microsoft.sqlserver.jdbc.SQLServerException.makeFromDatabaseError(SQLServerException.java:265)
	at com.microsoft.sqlserver.jdbc.SQLServerStatement.getNextResult(SQLServerStatement.java:1673)
	at com.microsoft.sqlserver.jdbc.SQLServerPreparedStatement.doExecutePreparedStatement(SQLServerPreparedStatement.java:620)
	at com.microsoft.sqlserver.jdbc.SQLServerPreparedStatement$PrepStmtExecCmd.doExecute(SQLServerPreparedStatement.java:540)
	at com.microsoft.sqlserver.jdbc.TDSCommand.execute(IOBuffer.java:7627)
	at com.microsoft.sqlserver.jdbc.SQLServerConnection.executeCommand(SQLServerConnection.java:3912)
	at com.microsoft.sqlserver.jdbc.SQLServerStatement.executeCommand(SQLServerStatement.java:268)
	at com.microsoft.sqlserver.jdbc.SQLServerStatement.executeStatement(SQLServerStatement.java:242)
	at com.microsoft.sqlserver.jdbc.SQLServerPreparedStatement.executeUpdate(SQLServerPreparedStatement.java:486)
	at Database.JDBC.update(JDBC.java:42)
	... 28 more

</div> <!-- stack-trace -->
                  <em>
(InsertValid)                  </em>
                </div> <!-- method-content -->
              </div> <!-- method -->
              <div class="method">
                <div class="method-content">
                  <a name="testUpdateNULL(, , , false, , , , , )">
                  </a> <!-- testUpdateNULL(, , , false, , , , , ) -->
                  <span class="method-name">testUpdateNULL</span>
                  <span class="parameters">(,,,false,,,,,)</span>
                  <div class="stack-trace">java.text.ParseException: Unparseable date: &quot;&quot;
	at java.base/java.text.DateFormat.parse(DateFormat.java:399)
	at testing.NguoihocDAOTest.testUpdateNULL(NguoihocDAOTest.java:99)
	at java.base/jdk.internal.reflect.DirectMethodHandleAccessor.invoke(DirectMethodHandleAccessor.java:104)
	at java.base/java.lang.reflect.Method.invoke(Method.java:578)
	at org.testng.internal.invokers.MethodInvocationHelper.invokeMethod(MethodInvocationHelper.java:139)
	at org.testng.internal.invokers.TestInvoker.invokeMethod(TestInvoker.java:664)
	at org.testng.internal.invokers.TestInvoker.invokeTestMethod(TestInvoker.java:227)
	at org.testng.internal.invokers.MethodRunner.runInSequence(MethodRunner.java:50)
	at org.testng.internal.invokers.TestInvoker$MethodInvocationAgent.invoke(TestInvoker.java:957)
	at org.testng.internal.invokers.TestInvoker.invokeTestMethods(TestInvoker.java:200)
	at org.testng.internal.invokers.TestMethodWorker.invokeTestMethods(TestMethodWorker.java:148)
	at org.testng.internal.invokers.TestMethodWorker.run(TestMethodWorker.java:128)
	at java.base/java.util.ArrayList.forEach(ArrayList.java:1511)
	at org.testng.TestRunner.privateRun(TestRunner.java:848)
	at org.testng.TestRunner.run(TestRunner.java:621)
	at org.testng.SuiteRunner.runTest(SuiteRunner.java:443)
	at org.testng.SuiteRunner.runSequentially(SuiteRunner.java:437)
	at org.testng.SuiteRunner.privateRun(SuiteRunner.java:397)
	at org.testng.SuiteRunner.run(SuiteRunner.java:336)
	at org.testng.SuiteRunnerWorker.runSuite(SuiteRunnerWorker.java:52)
	at org.testng.SuiteRunnerWorker.run(SuiteRunnerWorker.java:95)
	at org.testng.TestNG.runSuitesSequentially(TestNG.java:1280)
	at org.testng.TestNG.runSuitesLocally(TestNG.java:1200)
	at org.testng.TestNG.runSuites(TestNG.java:1114)
	at org.testng.TestNG.run(TestNG.java:1082)
	at org.testng.remote.AbstractRemoteTestNG.run(AbstractRemoteTestNG.java:115)
	at org.testng.remote.RemoteTestNG.initAndRun(RemoteTestNG.java:251)
	at org.testng.remote.RemoteTestNG.main(RemoteTestNG.java:77)

</div> <!-- stack-trace -->
                  <em>
(UpdateNull)                  </em>
                </div> <!-- method-content -->
              </div> <!-- method -->
            </div> <!-- main-panel-content rounded-window-bottom -->
          </div> <!-- suite-Default_suite-class-failed -->
          <div class="suite-Default_suite-class-failed">
            <div class="main-panel-header rounded-window-top">
              <img src="failed.png"/>
              <span class="class-name">testing.ChuyendeDAOTest</span>
            </div> <!-- main-panel-header rounded-window-top -->
            <div class="main-panel-content rounded-window-bottom">
              <div class="method">
                <div class="method-content">
                  <a name="testDeleteHopLe">
                  </a> <!-- testDeleteHopLe -->
                  <span class="method-name">testDeleteHopLe</span>
                  <div class="stack-trace">org.testng.internal.reflect.MethodMatcherException: 
[public void testing.ChuyendeDAOTest.testDeleteHopLe(java.lang.String)] has no parameters defined but was found to be using a data provider (either explicitly specified or inherited from class level annotation).
Data provider mismatch
Method: testDeleteHopLe([java.lang.String arg0])
Arguments: [(java.lang.String) CD-001,(java.lang.String) ChuyenDe1,(java.lang.Double) 1000.0,(java.lang.Integer) 30,(java.lang.String) image1.jpg,(java.lang.String) Mo ta cho chuyen de 1]
	at org.testng.internal.reflect.DataProviderMethodMatcher.getConformingArguments(DataProviderMethodMatcher.java:46)
	at org.testng.internal.Parameters.injectParameters(Parameters.java:909)
	at org.testng.internal.invokers.MethodRunner.runInSequence(MethodRunner.java:37)
	at org.testng.internal.invokers.TestInvoker$MethodInvocationAgent.invoke(TestInvoker.java:957)
	at org.testng.internal.invokers.TestInvoker.invokeTestMethods(TestInvoker.java:200)
	at org.testng.internal.invokers.TestMethodWorker.invokeTestMethods(TestMethodWorker.java:148)
	at org.testng.internal.invokers.TestMethodWorker.run(TestMethodWorker.java:128)
	at java.base/java.util.ArrayList.forEach(ArrayList.java:1511)
	at org.testng.TestRunner.privateRun(TestRunner.java:848)
	at org.testng.TestRunner.run(TestRunner.java:621)
	at org.testng.SuiteRunner.runTest(SuiteRunner.java:443)
	at org.testng.SuiteRunner.runSequentially(SuiteRunner.java:437)
	at org.testng.SuiteRunner.privateRun(SuiteRunner.java:397)
	at org.testng.SuiteRunner.run(SuiteRunner.java:336)
	at org.testng.SuiteRunnerWorker.runSuite(SuiteRunnerWorker.java:52)
	at org.testng.SuiteRunnerWorker.run(SuiteRunnerWorker.java:95)
	at org.testng.TestNG.runSuitesSequentially(TestNG.java:1280)
	at org.testng.TestNG.runSuitesLocally(TestNG.java:1200)
	at org.testng.TestNG.runSuites(TestNG.java:1114)
	at org.testng.TestNG.run(TestNG.java:1082)
	at org.testng.remote.AbstractRemoteTestNG.run(AbstractRemoteTestNG.java:115)
	at org.testng.remote.RemoteTestNG.initAndRun(RemoteTestNG.java:251)
	at org.testng.remote.RemoteTestNG.main(RemoteTestNG.java:77)

</div> <!-- stack-trace -->
                  <em>
(DeleteValid)                  </em>
                </div> <!-- method-content -->
              </div> <!-- method -->
              <div class="method">
                <div class="method-content">
                  <a name="testDeleteNull">
                  </a> <!-- testDeleteNull -->
                  <span class="method-name">testDeleteNull</span>
                  <div class="stack-trace">org.testng.internal.reflect.MethodMatcherException: 
[public void testing.ChuyendeDAOTest.testDeleteNull(java.lang.String) throws java.lang.Exception] has no parameters defined but was found to be using a data provider (either explicitly specified or inherited from class level annotation).
Data provider mismatch
Method: testDeleteNull([java.lang.String arg0])
Arguments: [(java.lang.String) ,(java.lang.String) ,(java.lang.Double) 0.0,(java.lang.Integer) 0,(java.lang.String) ,(java.lang.String) ]
	at org.testng.internal.reflect.DataProviderMethodMatcher.getConformingArguments(DataProviderMethodMatcher.java:46)
	at org.testng.internal.Parameters.injectParameters(Parameters.java:909)
	at org.testng.internal.invokers.MethodRunner.runInSequence(MethodRunner.java:37)
	at org.testng.internal.invokers.TestInvoker$MethodInvocationAgent.invoke(TestInvoker.java:957)
	at org.testng.internal.invokers.TestInvoker.invokeTestMethods(TestInvoker.java:200)
	at org.testng.internal.invokers.TestMethodWorker.invokeTestMethods(TestMethodWorker.java:148)
	at org.testng.internal.invokers.TestMethodWorker.run(TestMethodWorker.java:128)
	at java.base/java.util.ArrayList.forEach(ArrayList.java:1511)
	at org.testng.TestRunner.privateRun(TestRunner.java:848)
	at org.testng.TestRunner.run(TestRunner.java:621)
	at org.testng.SuiteRunner.runTest(SuiteRunner.java:443)
	at org.testng.SuiteRunner.runSequentially(SuiteRunner.java:437)
	at org.testng.SuiteRunner.privateRun(SuiteRunner.java:397)
	at org.testng.SuiteRunner.run(SuiteRunner.java:336)
	at org.testng.SuiteRunnerWorker.runSuite(SuiteRunnerWorker.java:52)
	at org.testng.SuiteRunnerWorker.run(SuiteRunnerWorker.java:95)
	at org.testng.TestNG.runSuitesSequentially(TestNG.java:1280)
	at org.testng.TestNG.runSuitesLocally(TestNG.java:1200)
	at org.testng.TestNG.runSuites(TestNG.java:1114)
	at org.testng.TestNG.run(TestNG.java:1082)
	at org.testng.remote.AbstractRemoteTestNG.run(AbstractRemoteTestNG.java:115)
	at org.testng.remote.RemoteTestNG.initAndRun(RemoteTestNG.java:251)
	at org.testng.remote.RemoteTestNG.main(RemoteTestNG.java:77)

</div> <!-- stack-trace -->
                  <em>
(DeleteNull)                  </em>
                </div> <!-- method-content -->
              </div> <!-- method -->
              <div class="method">
                <div class="method-content">
                  <a name="testInserHopLe(CD-003, ChuyenDe3, 800.0, 20, image3.jpg, Mo ta cho chuyen de 3)">
                  </a> <!-- testInserHopLe(CD-003, ChuyenDe3, 800.0, 20, image3.jpg, Mo ta cho chuyen de 3) -->
                  <span class="method-name">testInserHopLe</span>
                  <span class="parameters">(CD-003,ChuyenDe3,800.0,20,image3.jpg,Mo ta cho chuyen de 3)</span>
                  <div class="stack-trace">java.lang.RuntimeException: com.microsoft.sqlserver.jdbc.SQLServerException: String or binary data would be truncated in table &apos;ps25732_polypro.dbo.ChuyenDe&apos;, column &apos;MaCD&apos;. Truncated value: &apos;CD-00&apos;.
	at Database.JDBC.update(JDBC.java:49)
	at Database.ChuyendeDAO.insert(ChuyendeDAO.java:22)
	at testing.ChuyendeDAOTest.testInserHopLe(ChuyendeDAOTest.java:50)
	at java.base/jdk.internal.reflect.DirectMethodHandleAccessor.invoke(DirectMethodHandleAccessor.java:104)
	at java.base/java.lang.reflect.Method.invoke(Method.java:578)
	at org.testng.internal.invokers.MethodInvocationHelper.invokeMethod(MethodInvocationHelper.java:139)
	at org.testng.internal.invokers.TestInvoker.invokeMethod(TestInvoker.java:664)
	at org.testng.internal.invokers.TestInvoker.invokeTestMethod(TestInvoker.java:227)
	at org.testng.internal.invokers.MethodRunner.runInSequence(MethodRunner.java:50)
	at org.testng.internal.invokers.TestInvoker$MethodInvocationAgent.invoke(TestInvoker.java:957)
	at org.testng.internal.invokers.TestInvoker.invokeTestMethods(TestInvoker.java:200)
	at org.testng.internal.invokers.TestMethodWorker.invokeTestMethods(TestMethodWorker.java:148)
	at org.testng.internal.invokers.TestMethodWorker.run(TestMethodWorker.java:128)
	at java.base/java.util.ArrayList.forEach(ArrayList.java:1511)
	at org.testng.TestRunner.privateRun(TestRunner.java:848)
	at org.testng.TestRunner.run(TestRunner.java:621)
	at org.testng.SuiteRunner.runTest(SuiteRunner.java:443)
	at org.testng.SuiteRunner.runSequentially(SuiteRunner.java:437)
	at org.testng.SuiteRunner.privateRun(SuiteRunner.java:397)
	at org.testng.SuiteRunner.run(SuiteRunner.java:336)
	at org.testng.SuiteRunnerWorker.runSuite(SuiteRunnerWorker.java:52)
	at org.testng.SuiteRunnerWorker.run(SuiteRunnerWorker.java:95)
	at org.testng.TestNG.runSuitesSequentially(TestNG.java:1280)
	at org.testng.TestNG.runSuitesLocally(TestNG.java:1200)
	at org.testng.TestNG.runSuites(TestNG.java:1114)
	at org.testng.TestNG.run(TestNG.java:1082)
	at org.testng.remote.AbstractRemoteTestNG.run(AbstractRemoteTestNG.java:115)
	at org.testng.remote.RemoteTestNG.initAndRun(RemoteTestNG.java:251)
	at org.testng.remote.RemoteTestNG.main(RemoteTestNG.java:77)
Caused by: com.microsoft.sqlserver.jdbc.SQLServerException: String or binary data would be truncated in table &apos;ps25732_polypro.dbo.ChuyenDe&apos;, column &apos;MaCD&apos;. Truncated value: &apos;CD-00&apos;.
	at com.microsoft.sqlserver.jdbc.SQLServerException.makeFromDatabaseError(SQLServerException.java:265)
	at com.microsoft.sqlserver.jdbc.SQLServerStatement.getNextResult(SQLServerStatement.java:1673)
	at com.microsoft.sqlserver.jdbc.SQLServerPreparedStatement.doExecutePreparedStatement(SQLServerPreparedStatement.java:620)
	at com.microsoft.sqlserver.jdbc.SQLServerPreparedStatement$PrepStmtExecCmd.doExecute(SQLServerPreparedStatement.java:540)
	at com.microsoft.sqlserver.jdbc.TDSCommand.execute(IOBuffer.java:7627)
	at com.microsoft.sqlserver.jdbc.SQLServerConnection.executeCommand(SQLServerConnection.java:3912)
	at com.microsoft.sqlserver.jdbc.SQLServerStatement.executeCommand(SQLServerStatement.java:268)
	at com.microsoft.sqlserver.jdbc.SQLServerStatement.executeStatement(SQLServerStatement.java:242)
	at com.microsoft.sqlserver.jdbc.SQLServerPreparedStatement.executeUpdate(SQLServerPreparedStatement.java:486)
	at Database.JDBC.update(JDBC.java:42)
	... 28 more

</div> <!-- stack-trace -->
                  <em>
(InsertValid)                  </em>
                </div> <!-- method-content -->
              </div> <!-- method -->
              <div class="method">
                <div class="method-content">
                  <a name="testInserHopLe(CD-002, ChuyenDe2, 1500.0, 25, image2.jpg, Mo ta cho chuyen de 2)">
                  </a> <!-- testInserHopLe(CD-002, ChuyenDe2, 1500.0, 25, image2.jpg, Mo ta cho chuyen de 2) -->
                  <span class="method-name">testInserHopLe</span>
                  <span class="parameters">(CD-002,ChuyenDe2,1500.0,25,image2.jpg,Mo ta cho chuyen de 2)</span>
                  <div class="stack-trace">java.lang.RuntimeException: com.microsoft.sqlserver.jdbc.SQLServerException: String or binary data would be truncated in table &apos;ps25732_polypro.dbo.ChuyenDe&apos;, column &apos;MaCD&apos;. Truncated value: &apos;CD-00&apos;.
	at Database.JDBC.update(JDBC.java:49)
	at Database.ChuyendeDAO.insert(ChuyendeDAO.java:22)
	at testing.ChuyendeDAOTest.testInserHopLe(ChuyendeDAOTest.java:50)
	at java.base/jdk.internal.reflect.DirectMethodHandleAccessor.invoke(DirectMethodHandleAccessor.java:104)
	at java.base/java.lang.reflect.Method.invoke(Method.java:578)
	at org.testng.internal.invokers.MethodInvocationHelper.invokeMethod(MethodInvocationHelper.java:139)
	at org.testng.internal.invokers.TestInvoker.invokeMethod(TestInvoker.java:664)
	at org.testng.internal.invokers.TestInvoker.invokeTestMethod(TestInvoker.java:227)
	at org.testng.internal.invokers.MethodRunner.runInSequence(MethodRunner.java:50)
	at org.testng.internal.invokers.TestInvoker$MethodInvocationAgent.invoke(TestInvoker.java:957)
	at org.testng.internal.invokers.TestInvoker.invokeTestMethods(TestInvoker.java:200)
	at org.testng.internal.invokers.TestMethodWorker.invokeTestMethods(TestMethodWorker.java:148)
	at org.testng.internal.invokers.TestMethodWorker.run(TestMethodWorker.java:128)
	at java.base/java.util.ArrayList.forEach(ArrayList.java:1511)
	at org.testng.TestRunner.privateRun(TestRunner.java:848)
	at org.testng.TestRunner.run(TestRunner.java:621)
	at org.testng.SuiteRunner.runTest(SuiteRunner.java:443)
	at org.testng.SuiteRunner.runSequentially(SuiteRunner.java:437)
	at org.testng.SuiteRunner.privateRun(SuiteRunner.java:397)
	at org.testng.SuiteRunner.run(SuiteRunner.java:336)
	at org.testng.SuiteRunnerWorker.runSuite(SuiteRunnerWorker.java:52)
	at org.testng.SuiteRunnerWorker.run(SuiteRunnerWorker.java:95)
	at org.testng.TestNG.runSuitesSequentially(TestNG.java:1280)
	at org.testng.TestNG.runSuitesLocally(TestNG.java:1200)
	at org.testng.TestNG.runSuites(TestNG.java:1114)
	at org.testng.TestNG.run(TestNG.java:1082)
	at org.testng.remote.AbstractRemoteTestNG.run(AbstractRemoteTestNG.java:115)
	at org.testng.remote.RemoteTestNG.initAndRun(RemoteTestNG.java:251)
	at org.testng.remote.RemoteTestNG.main(RemoteTestNG.java:77)
Caused by: com.microsoft.sqlserver.jdbc.SQLServerException: String or binary data would be truncated in table &apos;ps25732_polypro.dbo.ChuyenDe&apos;, column &apos;MaCD&apos;. Truncated value: &apos;CD-00&apos;.
	at com.microsoft.sqlserver.jdbc.SQLServerException.makeFromDatabaseError(SQLServerException.java:265)
	at com.microsoft.sqlserver.jdbc.SQLServerStatement.getNextResult(SQLServerStatement.java:1673)
	at com.microsoft.sqlserver.jdbc.SQLServerPreparedStatement.doExecutePreparedStatement(SQLServerPreparedStatement.java:620)
	at com.microsoft.sqlserver.jdbc.SQLServerPreparedStatement$PrepStmtExecCmd.doExecute(SQLServerPreparedStatement.java:540)
	at com.microsoft.sqlserver.jdbc.TDSCommand.execute(IOBuffer.java:7627)
	at com.microsoft.sqlserver.jdbc.SQLServerConnection.executeCommand(SQLServerConnection.java:3912)
	at com.microsoft.sqlserver.jdbc.SQLServerStatement.executeCommand(SQLServerStatement.java:268)
	at com.microsoft.sqlserver.jdbc.SQLServerStatement.executeStatement(SQLServerStatement.java:242)
	at com.microsoft.sqlserver.jdbc.SQLServerPreparedStatement.executeUpdate(SQLServerPreparedStatement.java:486)
	at Database.JDBC.update(JDBC.java:42)
	... 28 more

</div> <!-- stack-trace -->
                  <em>
(InsertValid)                  </em>
                </div> <!-- method-content -->
              </div> <!-- method -->
              <div class="method">
                <div class="method-content">
                  <a name="testInserHopLe(CD-001, ChuyenDe1, 1000.0, 30, image1.jpg, Mo ta cho chuyen de 1)">
                  </a> <!-- testInserHopLe(CD-001, ChuyenDe1, 1000.0, 30, image1.jpg, Mo ta cho chuyen de 1) -->
                  <span class="method-name">testInserHopLe</span>
                  <span class="parameters">(CD-001,ChuyenDe1,1000.0,30,image1.jpg,Mo ta cho chuyen de 1)</span>
                  <div class="stack-trace">java.lang.RuntimeException: com.microsoft.sqlserver.jdbc.SQLServerException: String or binary data would be truncated in table &apos;ps25732_polypro.dbo.ChuyenDe&apos;, column &apos;MaCD&apos;. Truncated value: &apos;CD-00&apos;.
	at Database.JDBC.update(JDBC.java:49)
	at Database.ChuyendeDAO.insert(ChuyendeDAO.java:22)
	at testing.ChuyendeDAOTest.testInserHopLe(ChuyendeDAOTest.java:50)
	at java.base/jdk.internal.reflect.DirectMethodHandleAccessor.invoke(DirectMethodHandleAccessor.java:104)
	at java.base/java.lang.reflect.Method.invoke(Method.java:578)
	at org.testng.internal.invokers.MethodInvocationHelper.invokeMethod(MethodInvocationHelper.java:139)
	at org.testng.internal.invokers.TestInvoker.invokeMethod(TestInvoker.java:664)
	at org.testng.internal.invokers.TestInvoker.invokeTestMethod(TestInvoker.java:227)
	at org.testng.internal.invokers.MethodRunner.runInSequence(MethodRunner.java:50)
	at org.testng.internal.invokers.TestInvoker$MethodInvocationAgent.invoke(TestInvoker.java:957)
	at org.testng.internal.invokers.TestInvoker.invokeTestMethods(TestInvoker.java:200)
	at org.testng.internal.invokers.TestMethodWorker.invokeTestMethods(TestMethodWorker.java:148)
	at org.testng.internal.invokers.TestMethodWorker.run(TestMethodWorker.java:128)
	at java.base/java.util.ArrayList.forEach(ArrayList.java:1511)
	at org.testng.TestRunner.privateRun(TestRunner.java:848)
	at org.testng.TestRunner.run(TestRunner.java:621)
	at org.testng.SuiteRunner.runTest(SuiteRunner.java:443)
	at org.testng.SuiteRunner.runSequentially(SuiteRunner.java:437)
	at org.testng.SuiteRunner.privateRun(SuiteRunner.java:397)
	at org.testng.SuiteRunner.run(SuiteRunner.java:336)
	at org.testng.SuiteRunnerWorker.runSuite(SuiteRunnerWorker.java:52)
	at org.testng.SuiteRunnerWorker.run(SuiteRunnerWorker.java:95)
	at org.testng.TestNG.runSuitesSequentially(TestNG.java:1280)
	at org.testng.TestNG.runSuitesLocally(TestNG.java:1200)
	at org.testng.TestNG.runSuites(TestNG.java:1114)
	at org.testng.TestNG.run(TestNG.java:1082)
	at org.testng.remote.AbstractRemoteTestNG.run(AbstractRemoteTestNG.java:115)
	at org.testng.remote.RemoteTestNG.initAndRun(RemoteTestNG.java:251)
	at org.testng.remote.RemoteTestNG.main(RemoteTestNG.java:77)
Caused by: com.microsoft.sqlserver.jdbc.SQLServerException: String or binary data would be truncated in table &apos;ps25732_polypro.dbo.ChuyenDe&apos;, column &apos;MaCD&apos;. Truncated value: &apos;CD-00&apos;.
	at com.microsoft.sqlserver.jdbc.SQLServerException.makeFromDatabaseError(SQLServerException.java:265)
	at com.microsoft.sqlserver.jdbc.SQLServerStatement.getNextResult(SQLServerStatement.java:1673)
	at com.microsoft.sqlserver.jdbc.SQLServerPreparedStatement.doExecutePreparedStatement(SQLServerPreparedStatement.java:620)
	at com.microsoft.sqlserver.jdbc.SQLServerPreparedStatement$PrepStmtExecCmd.doExecute(SQLServerPreparedStatement.java:540)
	at com.microsoft.sqlserver.jdbc.TDSCommand.execute(IOBuffer.java:7627)
	at com.microsoft.sqlserver.jdbc.SQLServerConnection.executeCommand(SQLServerConnection.java:3912)
	at com.microsoft.sqlserver.jdbc.SQLServerStatement.executeCommand(SQLServerStatement.java:268)
	at com.microsoft.sqlserver.jdbc.SQLServerStatement.executeStatement(SQLServerStatement.java:242)
	at com.microsoft.sqlserver.jdbc.SQLServerPreparedStatement.executeUpdate(SQLServerPreparedStatement.java:486)
	at Database.JDBC.update(JDBC.java:42)
	... 28 more

</div> <!-- stack-trace -->
                  <em>
(InsertValid)                  </em>
                </div> <!-- method-content -->
              </div> <!-- method -->
              <div class="method">
                <div class="method-content">
                  <a name="testSelectById">
                  </a> <!-- testSelectById -->
                  <span class="method-name">testSelectById</span>
                  <div class="stack-trace">java.lang.AssertionError: expected object to not be null
	at org.testng.Assert.fail(Assert.java:111)
	at org.testng.Assert.assertNotNull(Assert.java:1484)
	at org.testng.Assert.assertNotNull(Assert.java:1468)
	at testing.ChuyendeDAOTest.testSelectById(ChuyendeDAOTest.java:111)
	at java.base/jdk.internal.reflect.DirectMethodHandleAccessor.invoke(DirectMethodHandleAccessor.java:104)
	at java.base/java.lang.reflect.Method.invoke(Method.java:578)
	at org.testng.internal.invokers.MethodInvocationHelper.invokeMethod(MethodInvocationHelper.java:139)
	at org.testng.internal.invokers.TestInvoker.invokeMethod(TestInvoker.java:664)
	at org.testng.internal.invokers.TestInvoker.invokeTestMethod(TestInvoker.java:227)
	at org.testng.internal.invokers.MethodRunner.runInSequence(MethodRunner.java:50)
	at org.testng.internal.invokers.TestInvoker$MethodInvocationAgent.invoke(TestInvoker.java:957)
	at org.testng.internal.invokers.TestInvoker.invokeTestMethods(TestInvoker.java:200)
	at org.testng.internal.invokers.TestMethodWorker.invokeTestMethods(TestMethodWorker.java:148)
	at org.testng.internal.invokers.TestMethodWorker.run(TestMethodWorker.java:128)
	at java.base/java.util.ArrayList.forEach(ArrayList.java:1511)
	at org.testng.TestRunner.privateRun(TestRunner.java:848)
	at org.testng.TestRunner.run(TestRunner.java:621)
	at org.testng.SuiteRunner.runTest(SuiteRunner.java:443)
	at org.testng.SuiteRunner.runSequentially(SuiteRunner.java:437)
	at org.testng.SuiteRunner.privateRun(SuiteRunner.java:397)
	at org.testng.SuiteRunner.run(SuiteRunner.java:336)
	at org.testng.SuiteRunnerWorker.runSuite(SuiteRunnerWorker.java:52)
	at org.testng.SuiteRunnerWorker.run(SuiteRunnerWorker.java:95)
	at org.testng.TestNG.runSuitesSequentially(TestNG.java:1280)
	at org.testng.TestNG.runSuitesLocally(TestNG.java:1200)
	at org.testng.TestNG.runSuites(TestNG.java:1114)
	at org.testng.TestNG.run(TestNG.java:1082)
	at org.testng.remote.AbstractRemoteTestNG.run(AbstractRemoteTestNG.java:115)
	at org.testng.remote.RemoteTestNG.initAndRun(RemoteTestNG.java:251)
	at org.testng.remote.RemoteTestNG.main(RemoteTestNG.java:77)

</div> <!-- stack-trace -->
                  <em>
(SelectById)                  </em>
                </div> <!-- method-content -->
              </div> <!-- method -->
            </div> <!-- main-panel-content rounded-window-bottom -->
          </div> <!-- suite-Default_suite-class-failed -->
          <div class="suite-Default_suite-class-passed">
            <div class="main-panel-header rounded-window-top">
              <img src="passed.png"/>
              <span class="class-name">testing.DoiMKTest</span>
            </div> <!-- main-panel-header rounded-window-top -->
            <div class="main-panel-content rounded-window-bottom">
              <div class="method">
                <div class="method-content">
                  <a name="testDoiMatKhauHopLe">
                  </a> <!-- testDoiMatKhauHopLe -->
                  <span class="method-name">testDoiMatKhauHopLe</span>
                </div> <!-- method-content -->
              </div> <!-- method -->
              <div class="method">
                <div class="method-content">
                  <a name="testDoiMatKhauKhongKhop">
                  </a> <!-- testDoiMatKhauKhongKhop -->
                  <span class="method-name">testDoiMatKhauKhongKhop</span>
                </div> <!-- method-content -->
              </div> <!-- method -->
              <div class="method">
                <div class="method-content">
                  <a name="testDoiMatKhauSaiMK">
                  </a> <!-- testDoiMatKhauSaiMK -->
                  <span class="method-name">testDoiMatKhauSaiMK</span>
                </div> <!-- method-content -->
              </div> <!-- method -->
            </div> <!-- main-panel-content rounded-window-bottom -->
          </div> <!-- suite-Default_suite-class-passed -->
          <div class="suite-Default_suite-class-passed">
            <div class="main-panel-header rounded-window-top">
              <img src="passed.png"/>
              <span class="class-name">testing.QLNVTest</span>
            </div> <!-- main-panel-header rounded-window-top -->
            <div class="main-panel-content rounded-window-bottom">
              <div class="method">
                <div class="method-content">
                  <a name="testDelete">
                  </a> <!-- testDelete -->
                  <span class="method-name">testDelete</span>
                </div> <!-- method-content -->
              </div> <!-- method -->
              <div class="method">
                <div class="method-content">
                  <a name="testDeleteLogin">
                  </a> <!-- testDeleteLogin -->
                  <span class="method-name">testDeleteLogin</span>
                </div> <!-- method-content -->
              </div> <!-- method -->
              <div class="method">
                <div class="method-content">
                  <a name="testDeleteMNVKOTT">
                  </a> <!-- testDeleteMNVKOTT -->
                  <span class="method-name">testDeleteMNVKOTT</span>
                </div> <!-- method-content -->
              </div> <!-- method -->
              <div class="method">
                <div class="method-content">
                  <a name="testDeleteNull">
                  </a> <!-- testDeleteNull -->
                  <span class="method-name">testDeleteNull</span>
                </div> <!-- method-content -->
              </div> <!-- method -->
              <div class="method">
                <div class="method-content">
                  <a name="testInsert">
                  </a> <!-- testInsert -->
                  <span class="method-name">testInsert</span>
                </div> <!-- method-content -->
              </div> <!-- method -->
              <div class="method">
                <div class="method-content">
                  <a name="testInsertNULL">
                  </a> <!-- testInsertNULL -->
                  <span class="method-name">testInsertNULL</span>
                </div> <!-- method-content -->
              </div> <!-- method -->
              <div class="method">
                <div class="method-content">
                  <a name="testInsertTrungMNV">
                  </a> <!-- testInsertTrungMNV -->
                  <span class="method-name">testInsertTrungMNV</span>
                </div> <!-- method-content -->
              </div> <!-- method -->
              <div class="method">
                <div class="method-content">
                  <a name="testUpdate">
                  </a> <!-- testUpdate -->
                  <span class="method-name">testUpdate</span>
                </div> <!-- method-content -->
              </div> <!-- method -->
              <div class="method">
                <div class="method-content">
                  <a name="testUpdateMNVKOTT">
                  </a> <!-- testUpdateMNVKOTT -->
                  <span class="method-name">testUpdateMNVKOTT</span>
                </div> <!-- method-content -->
              </div> <!-- method -->
              <div class="method">
                <div class="method-content">
                  <a name="testUpdateNULL">
                  </a> <!-- testUpdateNULL -->
                  <span class="method-name">testUpdateNULL</span>
                </div> <!-- method-content -->
              </div> <!-- method -->
            </div> <!-- main-panel-content rounded-window-bottom -->
          </div> <!-- suite-Default_suite-class-passed -->
          <div class="suite-Default_suite-class-passed">
            <div class="main-panel-header rounded-window-top">
              <img src="passed.png"/>
              <span class="class-name">testing.NhanVienDAOTest</span>
            </div> <!-- main-panel-header rounded-window-top -->
            <div class="main-panel-content rounded-window-bottom">
              <div class="method">
                <div class="method-content">
                  <a name="testDeleteHopLe">
                  </a> <!-- testDeleteHopLe -->
                  <span class="method-name">testDeleteHopLe</span>
                  <em>
(DeleteValid)                  </em>
                </div> <!-- method-content -->
              </div> <!-- method -->
              <div class="method">
                <div class="method-content">
                  <a name="testDeleteNull">
                  </a> <!-- testDeleteNull -->
                  <span class="method-name">testDeleteNull</span>
                  <em>
(DeleteNull)                  </em>
                </div> <!-- method-content -->
              </div> <!-- method -->
              <div class="method">
                <div class="method-content">
                  <a name="testInsertHopLe">
                  </a> <!-- testInsertHopLe -->
                  <span class="method-name">testInsertHopLe</span>
                  <em>
(InsertValid)                  </em>
                </div> <!-- method-content -->
              </div> <!-- method -->
              <div class="method">
                <div class="method-content">
                  <a name="testInsertNull">
                  </a> <!-- testInsertNull -->
                  <span class="method-name">testInsertNull</span>
                  <em>
(InsertNull)                  </em>
                </div> <!-- method-content -->
              </div> <!-- method -->
              <div class="method">
                <div class="method-content">
                  <a name="testUpdateHopLe">
                  </a> <!-- testUpdateHopLe -->
                  <span class="method-name">testUpdateHopLe</span>
                  <em>
(UpdateValid)                  </em>
                </div> <!-- method-content -->
              </div> <!-- method -->
              <div class="method">
                <div class="method-content">
                  <a name="testUpdateNull">
                  </a> <!-- testUpdateNull -->
                  <span class="method-name">testUpdateNull</span>
                  <em>
(UpdateNull)                  </em>
                </div> <!-- method-content -->
              </div> <!-- method -->
            </div> <!-- main-panel-content rounded-window-bottom -->
          </div> <!-- suite-Default_suite-class-passed -->
          <div class="suite-Default_suite-class-passed">
            <div class="main-panel-header rounded-window-top">
              <img src="passed.png"/>
              <span class="class-name">testing.LoginTest</span>
            </div> <!-- main-panel-header rounded-window-top -->
            <div class="main-panel-content rounded-window-bottom">
              <div class="method">
                <div class="method-content">
                  <a name="testDangNhapHopLe">
                  </a> <!-- testDangNhapHopLe -->
                  <span class="method-name">testDangNhapHopLe</span>
                </div> <!-- method-content -->
              </div> <!-- method -->
              <div class="method">
                <div class="method-content">
                  <a name="testDangNhapNULL">
                  </a> <!-- testDangNhapNULL -->
                  <span class="method-name">testDangNhapNULL</span>
                </div> <!-- method-content -->
              </div> <!-- method -->
            </div> <!-- main-panel-content rounded-window-bottom -->
          </div> <!-- suite-Default_suite-class-passed -->
          <div class="suite-Default_suite-class-passed">
            <div class="main-panel-header rounded-window-top">
              <img src="passed.png"/>
              <span class="class-name">testing.QLNHTest</span>
            </div> <!-- main-panel-header rounded-window-top -->
            <div class="main-panel-content rounded-window-bottom">
              <div class="method">
                <div class="method-content">
                  <a name="testDelete">
                  </a> <!-- testDelete -->
                  <span class="method-name">testDelete</span>
                </div> <!-- method-content -->
              </div> <!-- method -->
              <div class="method">
                <div class="method-content">
                  <a name="testDeleteLoi">
                  </a> <!-- testDeleteLoi -->
                  <span class="method-name">testDeleteLoi</span>
                </div> <!-- method-content -->
              </div> <!-- method -->
              <div class="method">
                <div class="method-content">
                  <a name="testFinding">
                  </a> <!-- testFinding -->
                  <span class="method-name">testFinding</span>
                </div> <!-- method-content -->
              </div> <!-- method -->
              <div class="method">
                <div class="method-content">
                  <a name="testFindingKhongtontai">
                  </a> <!-- testFindingKhongtontai -->
                  <span class="method-name">testFindingKhongtontai</span>
                </div> <!-- method-content -->
              </div> <!-- method -->
              <div class="method">
                <div class="method-content">
                  <a name="testFindingNull">
                  </a> <!-- testFindingNull -->
                  <span class="method-name">testFindingNull</span>
                </div> <!-- method-content -->
              </div> <!-- method -->
            </div> <!-- main-panel-content rounded-window-bottom -->
          </div> <!-- suite-Default_suite-class-passed -->
          <div class="suite-Default_suite-class-passed">
            <div class="main-panel-header rounded-window-top">
              <img src="passed.png"/>
              <span class="class-name">testing.NguoihocDAOTest</span>
            </div> <!-- main-panel-header rounded-window-top -->
            <div class="main-panel-content rounded-window-bottom">
              <div class="method">
                <div class="method-content">
                  <a name="testInsertNULL(, , , false, , , , , )">
                  </a> <!-- testInsertNULL(, , , false, , , , , ) -->
                  <span class="method-name">testInsertNULL</span>
                  <span class="parameters">(,,,false,,,,,)</span>
                  <em>
(InsertNull)                  </em>
                </div> <!-- method-content -->
              </div> <!-- method -->
              <div class="method">
                <div class="method-content">
                  <a name="testUpdateHopLe(nh-02, UyenPhuong, 09/08/2002, false, 0328645096, uynphng765@gmail.com, hehe, uyenphuong, 08/07/2023)">
                  </a> <!-- testUpdateHopLe(nh-02, UyenPhuong, 09/08/2002, false, 0328645096, uynphng765@gmail.com, hehe, uyenphuong, 08/07/2023) -->
                  <span class="method-name">testUpdateHopLe</span>
                  <span class="parameters">(nh-02,UyenPhuong,09/08/2002,false,0328645096,uynphng765@gmail.com,hehe,uyenphuong,08/07/2023)</span>
                  <em>
(UpdateValid)                  </em>
                </div> <!-- method-content -->
              </div> <!-- method -->
              <div class="method">
                <div class="method-content">
                  <a name="testUpdateHopLe(nh-01, UyenPhuong, 09/08/2002, true, 0328645096, uynphng765@gmail.com, hehe, TeoNV, 08/07/2023)">
                  </a> <!-- testUpdateHopLe(nh-01, UyenPhuong, 09/08/2002, true, 0328645096, uynphng765@gmail.com, hehe, TeoNV, 08/07/2023) -->
                  <span class="method-name">testUpdateHopLe</span>
                  <span class="parameters">(nh-01,UyenPhuong,09/08/2002,true,0328645096,uynphng765@gmail.com,hehe,TeoNV,08/07/2023)</span>
                  <em>
(UpdateValid)                  </em>
                </div> <!-- method-content -->
              </div> <!-- method -->
            </div> <!-- main-panel-content rounded-window-bottom -->
          </div> <!-- suite-Default_suite-class-passed -->
          <div class="suite-Default_suite-class-passed">
            <div class="main-panel-header rounded-window-top">
              <img src="passed.png"/>
              <span class="class-name">testing.ChuyendeDAOTest</span>
            </div> <!-- main-panel-header rounded-window-top -->
            <div class="main-panel-content rounded-window-bottom">
              <div class="method">
                <div class="method-content">
                  <a name="testInsertNULL(, , 0.0, 0, , )">
                  </a> <!-- testInsertNULL(, , 0.0, 0, , ) -->
                  <span class="method-name">testInsertNULL</span>
                  <span class="parameters">(,,0.0,0,,)</span>
                  <em>
(InsertNull)                  </em>
                </div> <!-- method-content -->
              </div> <!-- method -->
              <div class="method">
                <div class="method-content">
                  <a name="testSelectAll">
                  </a> <!-- testSelectAll -->
                  <span class="method-name">testSelectAll</span>
                  <em>
(SelectAll)                  </em>
                </div> <!-- method-content -->
              </div> <!-- method -->
              <div class="method">
                <div class="method-content">
                  <a name="testSelectByIdNotFound">
                  </a> <!-- testSelectByIdNotFound -->
                  <span class="method-name">testSelectByIdNotFound</span>
                  <em>
(SelectByIdNotFound)                  </em>
                </div> <!-- method-content -->
              </div> <!-- method -->
              <div class="method">
                <div class="method-content">
                  <a name="testUpdateHopLe(CD-003, ChuyenDe3, 800.0, 20, image3.jpg, Mo ta cho chuyen de 3)">
                  </a> <!-- testUpdateHopLe(CD-003, ChuyenDe3, 800.0, 20, image3.jpg, Mo ta cho chuyen de 3) -->
                  <span class="method-name">testUpdateHopLe</span>
                  <span class="parameters">(CD-003,ChuyenDe3,800.0,20,image3.jpg,Mo ta cho chuyen de 3)</span>
                  <em>
(UpdateValid)                  </em>
                </div> <!-- method-content -->
              </div> <!-- method -->
              <div class="method">
                <div class="method-content">
                  <a name="testUpdateHopLe(CD-002, ChuyenDe2, 1500.0, 25, image2.jpg, Mo ta cho chuyen de 2)">
                  </a> <!-- testUpdateHopLe(CD-002, ChuyenDe2, 1500.0, 25, image2.jpg, Mo ta cho chuyen de 2) -->
                  <span class="method-name">testUpdateHopLe</span>
                  <span class="parameters">(CD-002,ChuyenDe2,1500.0,25,image2.jpg,Mo ta cho chuyen de 2)</span>
                  <em>
(UpdateValid)                  </em>
                </div> <!-- method-content -->
              </div> <!-- method -->
              <div class="method">
                <div class="method-content">
                  <a name="testUpdateHopLe(CD-001, ChuyenDe1, 1000.0, 30, image1.jpg, Mo ta cho chuyen de 1)">
                  </a> <!-- testUpdateHopLe(CD-001, ChuyenDe1, 1000.0, 30, image1.jpg, Mo ta cho chuyen de 1) -->
                  <span class="method-name">testUpdateHopLe</span>
                  <span class="parameters">(CD-001,ChuyenDe1,1000.0,30,image1.jpg,Mo ta cho chuyen de 1)</span>
                  <em>
(UpdateValid)                  </em>
                </div> <!-- method-content -->
              </div> <!-- method -->
              <div class="method">
                <div class="method-content">
                  <a name="testUpdateNull(, , 0.0, 0, , )">
                  </a> <!-- testUpdateNull(, , 0.0, 0, , ) -->
                  <span class="method-name">testUpdateNull</span>
                  <span class="parameters">(,,0.0,0,,)</span>
                  <em>
(UpdateNull)                  </em>
                </div> <!-- method-content -->
              </div> <!-- method -->
            </div> <!-- main-panel-content rounded-window-bottom -->
          </div> <!-- suite-Default_suite-class-passed -->
        </div> <!-- panel Default_suite -->
        <div panel-name="test-xml-Default_suite" class="panel">
          <div class="main-panel-header rounded-window-top">
            <span class="header-content">C:\Users\uynph\AppData\Local\Temp\testng-eclipse--1842407795\testng-customsuite.xml</span>
          </div> <!-- main-panel-header rounded-window-top -->
          <div class="main-panel-content rounded-window-bottom">
            <pre>
&lt;?xml version=&quot;1.0&quot; encoding=&quot;UTF-8&quot;?&gt;
&lt;!DOCTYPE suite SYSTEM &quot;https://testng.org/testng-1.0.dtd&quot;&gt;
&lt;suite name=&quot;Default suite&quot; guice-stage=&quot;DEVELOPMENT&quot;&gt;
  &lt;test thread-count=&quot;5&quot; name=&quot;Default test&quot; verbose=&quot;2&quot;&gt;
    &lt;classes&gt;
      &lt;class name=&quot;edusys.Main&quot;/&gt;
      &lt;class name=&quot;edusys.Login&quot;/&gt;
      &lt;class name=&quot;testing.QLNVTest&quot;/&gt;
      &lt;class name=&quot;Database.MyConnectionDb&quot;/&gt;
      &lt;class name=&quot;testing.LoginTest&quot;/&gt;
      &lt;class name=&quot;edusys.QLNV&quot;/&gt;
      &lt;class name=&quot;test.utils.SheetWriter&quot;/&gt;
      &lt;class name=&quot;Database.NhanviienDAO&quot;/&gt;
      &lt;class name=&quot;Khac.Image&quot;/&gt;
      &lt;class name=&quot;edusys.Thongke&quot;/&gt;
      &lt;class name=&quot;testing.QLNHTest&quot;/&gt;
      &lt;class name=&quot;Database.ThongkeDAO&quot;/&gt;
      &lt;class name=&quot;test.utils.SheetDataProvider&quot;/&gt;
      &lt;class name=&quot;edusys.QLNH&quot;/&gt;
      &lt;class name=&quot;testing.DoiMKTest&quot;/&gt;
      &lt;class name=&quot;Models.Chuyende&quot;/&gt;
      &lt;class name=&quot;Models.Khoahoc&quot;/&gt;
      &lt;class name=&quot;Database.HocvienDAO&quot;/&gt;
      &lt;class name=&quot;edusys.DoiMK&quot;/&gt;
      &lt;class name=&quot;edusys.EduSys&quot;/&gt;
      &lt;class name=&quot;edusys.QLCD&quot;/&gt;
      &lt;class name=&quot;Models.Nhanvien&quot;/&gt;
      &lt;class name=&quot;testing.ChuyendeDAOTest&quot;/&gt;
      &lt;class name=&quot;Database.NguoihocDAO&quot;/&gt;
      &lt;class name=&quot;Database.EduSysDAO&quot;/&gt;
      &lt;class name=&quot;Database.JDBC&quot;/&gt;
      &lt;class name=&quot;Khac.Auth&quot;/&gt;
      &lt;class name=&quot;Models.Nguoihoc&quot;/&gt;
      &lt;class name=&quot;edusys.test&quot;/&gt;
      &lt;class name=&quot;Database.ChuyendeDAO&quot;/&gt;
      &lt;class name=&quot;Database.KhoahocDAO&quot;/&gt;
      &lt;class name=&quot;Khac.XDate&quot;/&gt;
      &lt;class name=&quot;edusys.QLHV&quot;/&gt;
      &lt;class name=&quot;testing.UIMap&quot;/&gt;
      &lt;class name=&quot;edusys.Gioithieu&quot;/&gt;
      &lt;class name=&quot;edusys.QLKH&quot;/&gt;
      &lt;class name=&quot;edusys.LoginTest&quot;/&gt;
      &lt;class name=&quot;edusys.progress&quot;/&gt;
      &lt;class name=&quot;Models.Hocvien&quot;/&gt;
      &lt;class name=&quot;testing.NguoihocDAOTest&quot;/&gt;
      &lt;class name=&quot;testing.NhanVienDAOTest&quot;/&gt;
    &lt;/classes&gt;
  &lt;/test&gt; &lt;!-- Default test --&gt;
&lt;/suite&gt; &lt;!-- Default suite --&gt;
            </pre>
          </div> <!-- main-panel-content rounded-window-bottom -->
        </div> <!-- panel -->
        <div panel-name="testlist-Default_suite" class="panel">
          <div class="main-panel-header rounded-window-top">
            <span class="header-content">Tests for Default suite</span>
          </div> <!-- main-panel-header rounded-window-top -->
          <div class="main-panel-content rounded-window-bottom">
            <ul>
              <li>
                <span class="test-name">Default test (41 classes)</span>
              </li>
            </ul>
          </div> <!-- main-panel-content rounded-window-bottom -->
        </div> <!-- panel -->
        <div panel-name="group-Default_suite" class="panel">
          <div class="main-panel-header rounded-window-top">
            <span class="header-content">Groups for Default suite</span>
          </div> <!-- main-panel-header rounded-window-top -->
          <div class="main-panel-content rounded-window-bottom">
          </div> <!-- main-panel-content rounded-window-bottom -->
        </div> <!-- panel -->
        <div panel-name="times-Default_suite" class="panel">
          <div class="main-panel-header rounded-window-top">
            <span class="header-content">Times for Default suite</span>
          </div> <!-- main-panel-header rounded-window-top -->
          <div class="main-panel-content rounded-window-bottom">
            <div class="times-div">
              <script type="text/javascript">
suiteTableInitFunctions.push('tableData_Default_suite');
function tableData_Default_suite() {
var data = new google.visualization.DataTable();
data.addColumn('number', 'Number');
data.addColumn('string', 'Method');
data.addColumn('string', 'Class');
data.addColumn('number', 'Time (ms)');
data.addRows(63);
data.setCell(0, 0, 0)
data.setCell(0, 1, 'testDangNhapSai')
data.setCell(0, 2, 'testing.LoginTest')
data.setCell(0, 3, 1667);
data.setCell(1, 0, 1)
data.setCell(1, 1, 'testDoiMatKhauSaiMK')
data.setCell(1, 2, 'testing.DoiMKTest')
data.setCell(1, 3, 1393);
data.setCell(2, 0, 2)
data.setCell(2, 1, 'testInsert')
data.setCell(2, 2, 'testing.QLNVTest')
data.setCell(2, 3, 1378);
data.setCell(3, 0, 3)
data.setCell(3, 1, 'testDelete')
data.setCell(3, 2, 'testing.QLNVTest')
data.setCell(3, 3, 1213);
data.setCell(4, 0, 4)
data.setCell(4, 1, 'testUpdate')
data.setCell(4, 2, 'testing.QLNVTest')
data.setCell(4, 3, 1056);
data.setCell(5, 0, 5)
data.setCell(5, 1, 'testDelete')
data.setCell(5, 2, 'testing.QLNHTest')
data.setCell(5, 3, 974);
data.setCell(6, 0, 6)
data.setCell(6, 1, 'testDeleteLogin')
data.setCell(6, 2, 'testing.QLNVTest')
data.setCell(6, 3, 930);
data.setCell(7, 0, 7)
data.setCell(7, 1, 'testUpdateNULL')
data.setCell(7, 2, 'testing.QLNVTest')
data.setCell(7, 3, 719);
data.setCell(8, 0, 8)
data.setCell(8, 1, 'testInsertNULL')
data.setCell(8, 2, 'testing.QLNVTest')
data.setCell(8, 3, 692);
data.setCell(9, 0, 9)
data.setCell(9, 1, 'testUpdateMNVKOTT')
data.setCell(9, 2, 'testing.QLNVTest')
data.setCell(9, 3, 691);
data.setCell(10, 0, 10)
data.setCell(10, 1, 'testDoiMatKhauKhongKhop')
data.setCell(10, 2, 'testing.DoiMKTest')
data.setCell(10, 3, 691);
data.setCell(11, 0, 11)
data.setCell(11, 1, 'testDeleteNull')
data.setCell(11, 2, 'testing.QLNVTest')
data.setCell(11, 3, 669);
data.setCell(12, 0, 12)
data.setCell(12, 1, 'testDeleteLoi')
data.setCell(12, 2, 'testing.QLNHTest')
data.setCell(12, 3, 666);
data.setCell(13, 0, 13)
data.setCell(13, 1, 'testDeleteMNVKOTT')
data.setCell(13, 2, 'testing.QLNVTest')
data.setCell(13, 3, 620);
data.setCell(14, 0, 14)
data.setCell(14, 1, 'testDoiMatKhauHopLe')
data.setCell(14, 2, 'testing.DoiMKTest')
data.setCell(14, 3, 597);
data.setCell(15, 0, 15)
data.setCell(15, 1, 'testInsertTrungMNV')
data.setCell(15, 2, 'testing.QLNVTest')
data.setCell(15, 3, 589);
data.setCell(16, 0, 16)
data.setCell(16, 1, 'testDangNhapNULL')
data.setCell(16, 2, 'testing.LoginTest')
data.setCell(16, 3, 66);
data.setCell(17, 0, 17)
data.setCell(17, 1, 'testDangNhapHopLe')
data.setCell(17, 2, 'testing.LoginTest')
data.setCell(17, 3, 63);
data.setCell(18, 0, 18)
data.setCell(18, 1, 'testFindingNull')
data.setCell(18, 2, 'testing.QLNHTest')
data.setCell(18, 3, 60);
data.setCell(19, 0, 19)
data.setCell(19, 1, 'testSelectById')
data.setCell(19, 2, 'testing.ChuyendeDAOTest')
data.setCell(19, 3, 49);
data.setCell(20, 0, 20)
data.setCell(20, 1, 'testFinding')
data.setCell(20, 2, 'testing.QLNHTest')
data.setCell(20, 3, 46);
data.setCell(21, 0, 21)
data.setCell(21, 1, 'testSelectAll')
data.setCell(21, 2, 'testing.ChuyendeDAOTest')
data.setCell(21, 3, 45);
data.setCell(22, 0, 22)
data.setCell(22, 1, 'testFindingKhongtontai')
data.setCell(22, 2, 'testing.QLNHTest')
data.setCell(22, 3, 45);
data.setCell(23, 0, 23)
data.setCell(23, 1, 'testInsertHopLe')
data.setCell(23, 2, 'testing.NguoihocDAOTest')
data.setCell(23, 3, 42);
data.setCell(24, 0, 24)
data.setCell(24, 1, 'testInserHopLe')
data.setCell(24, 2, 'testing.ChuyendeDAOTest')
data.setCell(24, 3, 37);
data.setCell(25, 0, 25)
data.setCell(25, 1, 'testInsertHopLe')
data.setCell(25, 2, 'testing.NguoihocDAOTest')
data.setCell(25, 3, 34);
data.setCell(26, 0, 26)
data.setCell(26, 1, 'testDeleteNull')
data.setCell(26, 2, 'testing.NhanVienDAOTest')
data.setCell(26, 3, 33);
data.setCell(27, 0, 27)
data.setCell(27, 1, 'testDeleteHopLe')
data.setCell(27, 2, 'testing.NhanVienDAOTest')
data.setCell(27, 3, 31);
data.setCell(28, 0, 28)
data.setCell(28, 1, 'testUpdateHopLe')
data.setCell(28, 2, 'testing.ChuyendeDAOTest')
data.setCell(28, 3, 28);
data.setCell(29, 0, 29)
data.setCell(29, 1, 'testUpdateNull')
data.setCell(29, 2, 'testing.ChuyendeDAOTest')
data.setCell(29, 3, 28);
data.setCell(30, 0, 30)
data.setCell(30, 1, 'testUpdateHopLe')
data.setCell(30, 2, 'testing.ChuyendeDAOTest')
data.setCell(30, 3, 28);
data.setCell(31, 0, 31)
data.setCell(31, 1, 'testInsertHopLe')
data.setCell(31, 2, 'testing.NhanVienDAOTest')
data.setCell(31, 3, 28);
data.setCell(32, 0, 32)
data.setCell(32, 1, 'testInserHopLe')
data.setCell(32, 2, 'testing.ChuyendeDAOTest')
data.setCell(32, 3, 28);
data.setCell(33, 0, 33)
data.setCell(33, 1, 'testUpdateHopLe')
data.setCell(33, 2, 'testing.NguoihocDAOTest')
data.setCell(33, 3, 26);
data.setCell(34, 0, 34)
data.setCell(34, 1, 'testUpdateHopLe')
data.setCell(34, 2, 'testing.ChuyendeDAOTest')
data.setCell(34, 3, 25);
data.setCell(35, 0, 35)
data.setCell(35, 1, 'testSelectByIdNotFound')
data.setCell(35, 2, 'testing.ChuyendeDAOTest')
data.setCell(35, 3, 24);
data.setCell(36, 0, 36)
data.setCell(36, 1, 'testInserHopLe')
data.setCell(36, 2, 'testing.ChuyendeDAOTest')
data.setCell(36, 3, 24);
data.setCell(37, 0, 37)
data.setCell(37, 1, 'testUpdateHopLe')
data.setCell(37, 2, 'testing.NguoihocDAOTest')
data.setCell(37, 3, 23);
data.setCell(38, 0, 38)
data.setCell(38, 1, 'testInsertNULL')
data.setCell(38, 2, 'testing.ChuyendeDAOTest')
data.setCell(38, 3, 22);
data.setCell(39, 0, 39)
data.setCell(39, 1, 'testUpdateHopLe')
data.setCell(39, 2, 'testing.NhanVienDAOTest')
data.setCell(39, 3, 21);
data.setCell(40, 0, 40)
data.setCell(40, 1, 'testUpdateNull')
data.setCell(40, 2, 'testing.NhanVienDAOTest')
data.setCell(40, 3, 20);
data.setCell(41, 0, 41)
data.setCell(41, 1, 'testInsertNull')
data.setCell(41, 2, 'testing.NhanVienDAOTest')
data.setCell(41, 3, 19);
data.setCell(42, 0, 42)
data.setCell(42, 1, 'testInsert')
data.setCell(42, 2, 'testing.QLNHTest')
data.setCell(42, 3, 10);
data.setCell(43, 0, 43)
data.setCell(43, 1, 'testInsertNull')
data.setCell(43, 2, 'testing.QLNHTest')
data.setCell(43, 3, 4);
data.setCell(44, 0, 44)
data.setCell(44, 1, 'testUpdate')
data.setCell(44, 2, 'testing.QLNHTest')
data.setCell(44, 3, 3);
data.setCell(45, 0, 45)
data.setCell(45, 1, 'testInsertTrungMNH')
data.setCell(45, 2, 'testing.QLNHTest')
data.setCell(45, 3, 3);
data.setCell(46, 0, 46)
data.setCell(46, 1, 'testInsertNULL')
data.setCell(46, 2, 'testing.NguoihocDAOTest')
data.setCell(46, 3, 2);
data.setCell(47, 0, 47)
data.setCell(47, 1, 'btnExitActionPerformedTest')
data.setCell(47, 2, 'edusys.LoginTest')
data.setCell(47, 3, 2);
data.setCell(48, 0, 48)
data.setCell(48, 1, 'testDeleteHopLe')
data.setCell(48, 2, 'testing.ChuyendeDAOTest')
data.setCell(48, 3, 2);
data.setCell(49, 0, 49)
data.setCell(49, 1, 'testUpdateNull')
data.setCell(49, 2, 'testing.QLNHTest')
data.setCell(49, 3, 2);
data.setCell(50, 0, 50)
data.setCell(50, 1, 'jLabel5MouseClickedTest')
data.setCell(50, 2, 'edusys.LoginTest')
data.setCell(50, 3, 1);
data.setCell(51, 0, 51)
data.setCell(51, 1, 'txtMaNVActionPerformedTest')
data.setCell(51, 2, 'edusys.LoginTest')
data.setCell(51, 3, 1);
data.setCell(52, 0, 52)
data.setCell(52, 1, 'btnDangNhapKeyPressedTest')
data.setCell(52, 2, 'edusys.LoginTest')
data.setCell(52, 3, 1);
data.setCell(53, 0, 53)
data.setCell(53, 1, 'dangNhapTest')
data.setCell(53, 2, 'edusys.LoginTest')
data.setCell(53, 3, 1);
data.setCell(54, 0, 54)
data.setCell(54, 1, 'testUpdateNULL')
data.setCell(54, 2, 'testing.NguoihocDAOTest')
data.setCell(54, 3, 1);
data.setCell(55, 0, 55)
data.setCell(55, 1, 'initComponentsTest')
data.setCell(55, 2, 'edusys.LoginTest')
data.setCell(55, 3, 1);
data.setCell(56, 0, 56)
data.setCell(56, 1, 'ketThucTest')
data.setCell(56, 2, 'edusys.LoginTest')
data.setCell(56, 3, 1);
data.setCell(57, 0, 57)
data.setCell(57, 1, 'mainTest')
data.setCell(57, 2, 'edusys.LoginTest')
data.setCell(57, 3, 1);
data.setCell(58, 0, 58)
data.setCell(58, 1, 'LoginTest')
data.setCell(58, 2, 'edusys.LoginTest')
data.setCell(58, 3, 1);
data.setCell(59, 0, 59)
data.setCell(59, 1, 'btnDangNhapActionPerformedTest')
data.setCell(59, 2, 'edusys.LoginTest')
data.setCell(59, 3, 1);
data.setCell(60, 0, 60)
data.setCell(60, 1, 'testDeleteNULL')
data.setCell(60, 2, 'testing.NguoihocDAOTest')
data.setCell(60, 3, 0);
data.setCell(61, 0, 61)
data.setCell(61, 1, 'testDeleteNull')
data.setCell(61, 2, 'testing.ChuyendeDAOTest')
data.setCell(61, 3, 0);
data.setCell(62, 0, 62)
data.setCell(62, 1, 'testDeleteHopLe')
data.setCell(62, 2, 'testing.NguoihocDAOTest')
data.setCell(62, 3, 0);
window.suiteTableData['Default_suite']= { tableData: data, tableDiv: 'times-div-Default_suite'}
return data;
}
              </script>
              <span class="suite-total-time">Total running time: 15 seconds</span>
              <div id="times-div-Default_suite">
              </div> <!-- times-div-Default_suite -->
            </div> <!-- times-div -->
          </div> <!-- main-panel-content rounded-window-bottom -->
        </div> <!-- panel -->
        <div panel-name="reporter-Default_suite" class="panel">
          <div class="main-panel-header rounded-window-top">
            <span class="header-content">Reporter output for Default suite</span>
          </div> <!-- main-panel-header rounded-window-top -->
          <div class="main-panel-content rounded-window-bottom">
          </div> <!-- main-panel-content rounded-window-bottom -->
        </div> <!-- panel -->
        <div panel-name="ignored-methods-Default_suite" class="panel">
          <div class="main-panel-header rounded-window-top">
            <span class="header-content">0 ignored methods</span>
          </div> <!-- main-panel-header rounded-window-top -->
          <div class="main-panel-content rounded-window-bottom">
          </div> <!-- main-panel-content rounded-window-bottom -->
        </div> <!-- panel -->
        <div panel-name="chronological-Default_suite" class="panel">
          <div class="main-panel-header rounded-window-top">
            <span class="header-content">Methods in chronological order</span>
          </div> <!-- main-panel-header rounded-window-top -->
          <div class="main-panel-content rounded-window-bottom">
            <div class="chronological-class">
              <div class="chronological-class-name">edusys.LoginTest</div> <!-- chronological-class-name -->
              <div class="configuration-suite before">
                <span class="method-name">beforeSuite</span>
                <span class="method-start">0 ms</span>
              </div> <!-- configuration-suite before -->
              <div class="configuration-test before">
                <span class="method-name">beforeTest</span>
                <span class="method-start">38 ms</span>
              </div> <!-- configuration-test before -->
            </div> <!-- chronological-class -->
            <div class="chronological-class">
              <div class="chronological-class-name">testing.QLNHTest</div> <!-- chronological-class-name -->
              <div class="configuration-test before">
                <span class="method-name">setUp</span>
                <span class="method-start">39 ms</span>
              </div> <!-- configuration-test before -->
            </div> <!-- chronological-class -->
            <div class="chronological-class">
              <div class="chronological-class-name">testing.QLNVTest</div> <!-- chronological-class-name -->
              <div class="configuration-class before">
                <span class="method-name">setUp</span>
                <span class="method-start">2052 ms</span>
              </div> <!-- configuration-class before -->
              <div class="test-method">
                <span class="method-name">testInsert</span>
                <span class="method-start">2265 ms</span>
              </div> <!-- test-method -->
              <div class="test-method">
                <span class="method-name">testInsertTrungMNV</span>
                <span class="method-start">3654 ms</span>
              </div> <!-- test-method -->
              <div class="test-method">
                <span class="method-name">testInsertNULL</span>
                <span class="method-start">4247 ms</span>
              </div> <!-- test-method -->
              <div class="test-method">
                <span class="method-name">testUpdate</span>
                <span class="method-start">4942 ms</span>
              </div> <!-- test-method -->
              <div class="test-method">
                <span class="method-name">testUpdateNULL</span>
                <span class="method-start">6001 ms</span>
              </div> <!-- test-method -->
              <div class="test-method">
                <span class="method-name">testUpdateMNVKOTT</span>
                <span class="method-start">6722 ms</span>
              </div> <!-- test-method -->
              <div class="test-method">
                <span class="method-name">testDelete</span>
                <span class="method-start">7417 ms</span>
              </div> <!-- test-method -->
              <div class="test-method">
                <span class="method-name">testDeleteNull</span>
                <span class="method-start">8633 ms</span>
              </div> <!-- test-method -->
              <div class="test-method">
                <span class="method-name">testDeleteMNVKOTT</span>
                <span class="method-start">9305 ms</span>
              </div> <!-- test-method -->
              <div class="test-method">
                <span class="method-name">testDeleteLogin</span>
                <span class="method-start">9928 ms</span>
              </div> <!-- test-method -->
              <div class="configuration-class after">
                <span class="method-name">tearDown</span>
                <span class="method-start">10861 ms</span>
              </div> <!-- configuration-class after -->
            </div> <!-- chronological-class -->
            <div class="chronological-class">
              <div class="chronological-class-name">testing.LoginTest</div> <!-- chronological-class-name -->
              <div class="configuration-class before">
                <span class="method-name">setUp</span>
                <span class="method-start">10878 ms</span>
              </div> <!-- configuration-class before -->
              <div class="test-method">
                <span class="method-name">testDangNhapNULL</span>
                <span class="method-start">10903 ms</span>
              </div> <!-- test-method -->
              <div class="test-method">
                <img src="failed.png">
                </img>
                <span class="method-name">testDangNhapSai</span>
                <span class="method-start">10972 ms</span>
              </div> <!-- test-method -->
              <div class="test-method">
                <span class="method-name">testDangNhapHopLe</span>
                <span class="method-start">12643 ms</span>
              </div> <!-- test-method -->
              <div class="configuration-class after">
                <span class="method-name">tearDown</span>
                <span class="method-start">12707 ms</span>
              </div> <!-- configuration-class after -->
            </div> <!-- chronological-class -->
            <div class="chronological-class">
              <div class="chronological-class-name">testing.QLNHTest</div> <!-- chronological-class-name -->
              <div class="test-method">
                <img src="failed.png">
                </img>
                <span class="method-name">testInsert</span>
                <span class="method-start">12720 ms</span>
              </div> <!-- test-method -->
              <div class="test-method">
                <img src="failed.png">
                </img>
                <span class="method-name">testInsertTrungMNH</span>
                <span class="method-start">12737 ms</span>
              </div> <!-- test-method -->
              <div class="test-method">
                <img src="failed.png">
                </img>
                <span class="method-name">testInsertNull</span>
                <span class="method-start">12742 ms</span>
              </div> <!-- test-method -->
              <div class="test-method">
                <img src="failed.png">
                </img>
                <span class="method-name">testUpdate</span>
                <span class="method-start">12749 ms</span>
              </div> <!-- test-method -->
              <div class="test-method">
                <img src="failed.png">
                </img>
                <span class="method-name">testUpdateNull</span>
                <span class="method-start">12757 ms</span>
              </div> <!-- test-method -->
              <div class="test-method">
                <span class="method-name">testDelete</span>
                <span class="method-start">12764 ms</span>
              </div> <!-- test-method -->
              <div class="test-method">
                <span class="method-name">testDeleteLoi</span>
                <span class="method-start">13740 ms</span>
              </div> <!-- test-method -->
              <div class="test-method">
                <span class="method-name">testFindingKhongtontai</span>
                <span class="method-start">14408 ms</span>
              </div> <!-- test-method -->
              <div class="test-method">
                <span class="method-name">testFindingNull</span>
                <span class="method-start">14454 ms</span>
              </div> <!-- test-method -->
              <div class="test-method">
                <span class="method-name">testFinding</span>
                <span class="method-start">14516 ms</span>
              </div> <!-- test-method -->
            </div> <!-- chronological-class -->
            <div class="chronological-class">
              <div class="chronological-class-name">testing.DoiMKTest</div> <!-- chronological-class-name -->
              <div class="configuration-class before">
                <span class="method-name">setUp</span>
                <span class="method-start">14563 ms</span>
              </div> <!-- configuration-class before -->
              <div class="test-method">
                <span class="method-name">testDoiMatKhauSaiMK</span>
                <span class="method-start">14616 ms</span>
              </div> <!-- test-method -->
              <div class="test-method">
                <span class="method-name">testDoiMatKhauKhongKhop</span>
                <span class="method-start">16012 ms</span>
              </div> <!-- test-method -->
              <div class="test-method">
                <span class="method-name">testDoiMatKhauHopLe</span>
                <span class="method-start">16705 ms</span>
              </div> <!-- test-method -->
              <div class="configuration-class after">
                <span class="method-name">Teardown</span>
                <span class="method-start">17303 ms</span>
              </div> <!-- configuration-class after -->
            </div> <!-- chronological-class -->
            <div class="chronological-class">
              <div class="chronological-class-name">testing.ChuyendeDAOTest</div> <!-- chronological-class-name -->
              <div class="configuration-class before">
                <span class="method-name">setUp</span>
                <span class="method-start">17316 ms</span>
              </div> <!-- configuration-class before -->
              <div class="test-method">
                <img src="failed.png">
                </img>
                <span class="method-name">testInserHopLe(CD-001, ChuyenDe1, 1000.0, 30, image1.jpg, Mo ta cho chuyen de 1)</span>
                <span class="method-start">17323 ms</span>
              </div> <!-- test-method -->
              <div class="test-method">
                <img src="failed.png">
                </img>
                <span class="method-name">testInserHopLe(CD-002, ChuyenDe2, 1500.0, 25, image2.jpg, Mo ta cho chuyen de 2)</span>
                <span class="method-start">17361 ms</span>
              </div> <!-- test-method -->
              <div class="test-method">
                <img src="failed.png">
                </img>
                <span class="method-name">testInserHopLe(CD-003, ChuyenDe3, 800.0, 20, image3.jpg, Mo ta cho chuyen de 3)</span>
                <span class="method-start">17393 ms</span>
              </div> <!-- test-method -->
              <div class="test-method">
                <span class="method-name">testInsertNULL(, , 0.0, 0, , )</span>
                <span class="method-start">17420 ms</span>
              </div> <!-- test-method -->
              <div class="test-method">
                <span class="method-name">testUpdateHopLe(CD-001, ChuyenDe1, 1000.0, 30, image1.jpg, Mo ta cho chuyen de 1)</span>
                <span class="method-start">17445 ms</span>
              </div> <!-- test-method -->
              <div class="test-method">
                <span class="method-name">testUpdateHopLe(CD-002, ChuyenDe2, 1500.0, 25, image2.jpg, Mo ta cho chuyen de 2)</span>
                <span class="method-start">17474 ms</span>
              </div> <!-- test-method -->
              <div class="test-method">
                <span class="method-name">testUpdateHopLe(CD-003, ChuyenDe3, 800.0, 20, image3.jpg, Mo ta cho chuyen de 3)</span>
                <span class="method-start">17508 ms</span>
              </div> <!-- test-method -->
              <div class="test-method">
                <span class="method-name">testUpdateNull(, , 0.0, 0, , )</span>
                <span class="method-start">17536 ms</span>
              </div> <!-- test-method -->
              <div class="test-method">
                <span class="method-name">testSelectAll</span>
                <span class="method-start">17574 ms</span>
              </div> <!-- test-method -->
              <div class="test-method">
                <img src="failed.png">
                </img>
                <span class="method-name">testSelectById</span>
                <span class="method-start">17621 ms</span>
              </div> <!-- test-method -->
              <div class="test-method">
                <span class="method-name">testSelectByIdNotFound</span>
                <span class="method-start">17672 ms</span>
              </div> <!-- test-method -->
            </div> <!-- chronological-class -->
            <div class="chronological-class">
              <div class="chronological-class-name">edusys.LoginTest</div> <!-- chronological-class-name -->
              <div class="configuration-class before">
                <span class="method-name">beforeClass</span>
                <span class="method-start">17697 ms</span>
              </div> <!-- configuration-class before -->
              <div class="test-method">
                <img src="failed.png">
                </img>
                <span class="method-name">LoginTest</span>
                <span class="method-start">17697 ms</span>
              </div> <!-- test-method -->
              <div class="configuration-method after">
                <span class="method-name">afterMethod</span>
                <span class="method-start">17700 ms</span>
              </div> <!-- configuration-method after -->
              <div class="test-method">
                <img src="failed.png">
                </img>
                <span class="method-name">btnDangNhapActionPerformedTest</span>
                <span class="method-start">17702 ms</span>
              </div> <!-- test-method -->
              <div class="configuration-method after">
                <span class="method-name">afterMethod</span>
                <span class="method-start">17704 ms</span>
              </div> <!-- configuration-method after -->
              <div class="test-method">
                <img src="failed.png">
                </img>
                <span class="method-name">btnDangNhapKeyPressedTest</span>
                <span class="method-start">17705 ms</span>
              </div> <!-- test-method -->
              <div class="configuration-method after">
                <span class="method-name">afterMethod</span>
                <span class="method-start">17707 ms</span>
              </div> <!-- configuration-method after -->
              <div class="test-method">
                <img src="failed.png">
                </img>
                <span class="method-name">btnExitActionPerformedTest</span>
                <span class="method-start">17708 ms</span>
              </div> <!-- test-method -->
              <div class="configuration-method after">
                <span class="method-name">afterMethod</span>
                <span class="method-start">17711 ms</span>
              </div> <!-- configuration-method after -->
              <div class="test-method">
                <img src="failed.png">
                </img>
                <span class="method-name">dangNhapTest</span>
                <span class="method-start">17712 ms</span>
              </div> <!-- test-method -->
              <div class="configuration-method after">
                <span class="method-name">afterMethod</span>
                <span class="method-start">17715 ms</span>
              </div> <!-- configuration-method after -->
              <div class="test-method">
                <img src="failed.png">
                </img>
                <span class="method-name">initComponentsTest</span>
                <span class="method-start">17716 ms</span>
              </div> <!-- test-method -->
              <div class="configuration-method after">
                <span class="method-name">afterMethod</span>
                <span class="method-start">17718 ms</span>
              </div> <!-- configuration-method after -->
              <div class="test-method">
                <img src="failed.png">
                </img>
                <span class="method-name">jLabel5MouseClickedTest</span>
                <span class="method-start">17720 ms</span>
              </div> <!-- test-method -->
              <div class="test-method">
                <img src="failed.png">
                </img>
                <span class="method-name">ketThucTest</span>
                <span class="method-start">17723 ms</span>
              </div> <!-- test-method -->
              <div class="configuration-method after">
                <span class="method-name">afterMethod</span>
                <span class="method-start">17723 ms</span>
              </div> <!-- configuration-method after -->
              <div class="configuration-method after">
                <span class="method-name">afterMethod</span>
                <span class="method-start">17726 ms</span>
              </div> <!-- configuration-method after -->
              <div class="test-method">
                <img src="failed.png">
                </img>
                <span class="method-name">mainTest</span>
                <span class="method-start">17727 ms</span>
              </div> <!-- test-method -->
              <div class="configuration-method after">
                <span class="method-name">afterMethod</span>
                <span class="method-start">17729 ms</span>
              </div> <!-- configuration-method after -->
              <div class="test-method">
                <img src="failed.png">
                </img>
                <span class="method-name">txtMaNVActionPerformedTest</span>
                <span class="method-start">17731 ms</span>
              </div> <!-- test-method -->
              <div class="configuration-method after">
                <span class="method-name">afterMethod</span>
                <span class="method-start">17733 ms</span>
              </div> <!-- configuration-method after -->
              <div class="configuration-class after">
                <span class="method-name">afterClass</span>
                <span class="method-start">17733 ms</span>
              </div> <!-- configuration-class after -->
            </div> <!-- chronological-class -->
            <div class="chronological-class">
              <div class="chronological-class-name">testing.NguoihocDAOTest</div> <!-- chronological-class-name -->
              <div class="configuration-class before">
                <span class="method-name">setUp</span>
                <span class="method-start">17734 ms</span>
              </div> <!-- configuration-class before -->
              <div class="test-method">
                <img src="failed.png">
                </img>
                <span class="method-name">testInsertHopLe(nh-01, UyenPhuong, 09/08/2002, true, 0328645096, uynphng765@gmail.com, hehe, TeoNV, 08/07/2023)</span>
                <span class="method-start">17735 ms</span>
              </div> <!-- test-method -->
              <div class="test-method">
                <img src="failed.png">
                </img>
                <span class="method-name">testInsertHopLe(nh-02, UyenPhuong, 09/08/2002, false, 0328645096, uynphng765@gmail.com, hehe, uyenphuong, 08/07/2023)</span>
                <span class="method-start">17780 ms</span>
              </div> <!-- test-method -->
              <div class="test-method">
                <span class="method-name">testInsertNULL(, , , false, , , , , )</span>
                <span class="method-start">17817 ms</span>
              </div> <!-- test-method -->
              <div class="test-method">
                <span class="method-name">testUpdateHopLe(nh-01, UyenPhuong, 09/08/2002, true, 0328645096, uynphng765@gmail.com, hehe, TeoNV, 08/07/2023)</span>
                <span class="method-start">17821 ms</span>
              </div> <!-- test-method -->
              <div class="test-method">
                <span class="method-name">testUpdateHopLe(nh-02, UyenPhuong, 09/08/2002, false, 0328645096, uynphng765@gmail.com, hehe, uyenphuong, 08/07/2023)</span>
                <span class="method-start">17849 ms</span>
              </div> <!-- test-method -->
              <div class="test-method">
                <img src="failed.png">
                </img>
                <span class="method-name">testUpdateNULL(, , , false, , , , , )</span>
                <span class="method-start">17874 ms</span>
              </div> <!-- test-method -->
            </div> <!-- chronological-class -->
            <div class="chronological-class">
              <div class="chronological-class-name">testing.NhanVienDAOTest</div> <!-- chronological-class-name -->
              <div class="configuration-class before">
                <span class="method-name">setUp</span>
                <span class="method-start">17881 ms</span>
              </div> <!-- configuration-class before -->
              <div class="test-method">
                <span class="method-name">testInsertHopLe</span>
                <span class="method-start">17882 ms</span>
              </div> <!-- test-method -->
              <div class="test-method">
                <span class="method-name">testInsertNull</span>
                <span class="method-start">17911 ms</span>
              </div> <!-- test-method -->
              <div class="test-method">
                <span class="method-name">testUpdateHopLe</span>
                <span class="method-start">17934 ms</span>
              </div> <!-- test-method -->
              <div class="test-method">
                <span class="method-name">testUpdateNull</span>
                <span class="method-start">17956 ms</span>
              </div> <!-- test-method -->
              <div class="test-method">
                <span class="method-name">testDeleteHopLe</span>
                <span class="method-start">17977 ms</span>
              </div> <!-- test-method -->
              <div class="test-method">
                <span class="method-name">testDeleteNull</span>
                <span class="method-start">18010 ms</span>
              </div> <!-- test-method -->
            </div> <!-- chronological-class -->
            <div class="chronological-class">
              <div class="chronological-class-name">edusys.LoginTest</div> <!-- chronological-class-name -->
              <div class="configuration-test after">
                <span class="method-name">afterTest</span>
                <span class="method-start">18044 ms</span>
              </div> <!-- configuration-test after -->
            </div> <!-- chronological-class -->
            <div class="chronological-class">
              <div class="chronological-class-name">testing.QLNHTest</div> <!-- chronological-class-name -->
              <div class="configuration-test after">
                <span class="method-name">tearDown</span>
                <span class="method-start">18045 ms</span>
              </div> <!-- configuration-test after -->
            </div> <!-- chronological-class -->
            <div class="chronological-class">
              <div class="chronological-class-name">edusys.LoginTest</div> <!-- chronological-class-name -->
              <div class="configuration-suite after">
                <span class="method-name">afterSuite</span>
                <span class="method-start">18277 ms</span>
              </div> <!-- configuration-suite after -->
          </div> <!-- main-panel-content rounded-window-bottom -->
        </div> <!-- panel -->
      </div> <!-- main-panel-root -->
    </div> <!-- wrapper -->
  </body>
<script type="text/javascript" src="testng-reports2.js"></script>
</html>
